{"execution_id": "2242f55a-1d47-4b26-abd7-c9db8d727632", "timestamp": "2026-05-23T18:38:38.080070", "mode": "SQL", "input": "SELECT * FROM omega_proof_of_reserves;", "status": "SUCCESS", "output": " treasury_backing | issued_liabilities | total_credit_exposure | reserve_surplus \n------------------+--------------------+-----------------------+-----------------\n    1000000000.00 |       999999975.00 |                     0 |           25.00\n(1 row)\n\n", "error": null}
{"execution_id": "2927391f-3d3c-46c6-b6d5-041547e2b0af", "timestamp": "2026-05-23T18:38:53.782966", "mode": "PYTHON", "input": "omega_internal_transfer_engine.py", "status": "SUCCESS", "output": "", "error": null}
{"execution_id": "1639256d-20bc-4a85-a915-757cf2dbe797", "timestamp": "2026-05-23T18:39:02.392410", "mode": "SHELL", "input": "ls -la logs/", "status": "SUCCESS", "output": "total 20960\ndrwx------.  2 u0_a253 u0_a253    3452 May 23 10:41 .\ndrwx------. 17 u0_a253 u0_a253   20480 May 23 11:38 ..\n-rw-------.  1 u0_a253 u0_a253    8212 May 23 10:46 async_settlement_worker.log\n-rw-------.  1 u0_a253 u0_a253 4723564 May 23 10:45 consensus_gate.log\n-rw-------.  1 u0_a253 u0_a253 8505594 May 23 10:45 control_plane.log\n-rw-------.  1 u0_a253 u0_a253    1000 May 23 10:45 execution_worker.log\n-rw-------.  1 u0_a253 u0_a253   16412 May 23 11:19 expiration_worker.log\n-rw-------.  1 u0_a253 u0_a253       0 May 23 10:41 fraud_worker.log\n-rw-------.  1 u0_a253 u0_a253       0 May 23 09:57 hold_expiration_worker.log\n-rw-------.  1 u0_a253 u0_a253    8233 May 23 10:46 network_orchestrator.log\n-rw-------.  1 u0_a253 u0_a253 8102990 May 23 10:45 postgres.log\n-rw-------.  1 u0_a253 u0_a253     762 May 22 22:45 reconcile.log\n-rw-------.  1 u0_a253 u0_a253       0 May 22 22:45 risk_engine.log\n-rw-------.  1 u0_a253 u0_a253   24609 May 23 11:34 settlement_worker.log\n", "error": null}
{"execution_id": "d8b7d68e-782a-4a2c-bd35-a4dce84f8f48", "timestamp": "2026-05-23T18:40:11.596656", "mode": "SHELL", "input": "cat > omega_event_bus.py << 'EOF'", "status": "SUCCESS", "output": "", "error": null}
{"execution_id": "ef77aaf1-4e45-4ddc-9e61-3904f6691e08", "timestamp": "2026-05-23T18:40:11.616590", "mode": "SHELL", "input": "import json", "status": "SUCCESS", "output": "", "error": null}
{"execution_id": "1ca6b7cd-2fc4-45e0-bea3-b40cd4dc9790", "timestamp": "2026-05-23T18:40:11.635170", "mode": "SHELL", "input": "import os", "status": "SUCCESS", "output": "", "error": null}
{"execution_id": "072d8f6d-d36b-4a8c-92df-5b20c9afa907", "timestamp": "2026-05-23T18:40:11.648911", "mode": "SHELL", "input": "import time", "status": "SUCCESS", "output": "", "error": null}
{"execution_id": "6a79dd5b-6aee-4529-b9d1-adf4f8894c13", "timestamp": "2026-05-23T18:40:11.665541", "mode": "SHELL", "input": "import uuid", "status": "SUCCESS", "output": "", "error": null}
{"execution_id": "14bf2f37-29c1-4c2f-840c-481c89d926de", "timestamp": "2026-05-23T18:40:11.684205", "mode": "SHELL", "input": "", "status": "SUCCESS", "output": "", "error": null}
{"execution_id": "1896399a-f882-4aca-934e-cabe263e0675", "timestamp": "2026-05-23T18:40:11.699684", "mode": "SHELL", "input": "class EventBus:", "status": "SUCCESS", "output": "", "error": null}
{"execution_id": "aa210e3d-349f-4ae6-9c81-2680ab67b736", "timestamp": "2026-05-23T18:40:11.720006", "mode": "SHELL", "input": "\"\"\"", "status": "SUCCESS", "output": "", "error": null}
{"execution_id": "1a6d5808-ef07-4c47-8e60-c1a2679c4dba", "timestamp": "2026-05-23T18:40:11.741409", "mode": "SHELL", "input": "Lightweight file-based distributed event bus (Termux-safe).", "status": "SUCCESS", "output": "", "error": null}
{"execution_id": "c9fc48b7-6c9a-47a7-98e6-044f50337413", "timestamp": "2026-05-23T18:40:11.763028", "mode": "SHELL", "input": "Later upgrade: Kafka / Redis Streams", "status": "SUCCESS", "output": "", "error": null}
{"execution_id": "2742f3ee-3c53-4136-8d50-47d6b93654c7", "timestamp": "2026-05-23T18:40:11.784848", "mode": "SHELL", "input": "\"\"\"", "status": "SUCCESS", "output": "", "error": null}
{"execution_id": "8e8915e2-e430-453f-9418-8ce7614b8ac0", "timestamp": "2026-05-23T18:40:11.799649", "mode": "SHELL", "input": "", "status": "SUCCESS", "output": "", "error": null}
{"execution_id": "f79a106e-1ce4-4cb1-9964-573e6fb887f9", "timestamp": "2026-05-23T18:40:11.811763", "mode": "SHELL", "input": "def __init__(self, path=\"omega_event_stream.log\"):", "status": "SUCCESS", "output": "", "error": null}
{"execution_id": "2db669f2-b69d-4a25-9b45-22eaeee586c8", "timestamp": "2026-05-23T18:40:11.829488", "mode": "SHELL", "input": "self.path = path", "status": "SUCCESS", "output": "", "error": null}
{"execution_id": "e4e708e0-3e79-4d76-8aca-558383c5eb52", "timestamp": "2026-05-23T18:40:11.848164", "mode": "SHELL", "input": "", "status": "SUCCESS", "output": "", "error": null}
{"execution_id": "8ccd9726-d7c9-48e1-83cf-a7a5da185216", "timestamp": "2026-05-23T18:40:11.862688", "mode": "SHELL", "input": "def publish(self, topic, payload):", "status": "SUCCESS", "output": "", "error": null}
{"execution_id": "ec96fc91-0165-4632-9af4-f1ef2363564e", "timestamp": "2026-05-23T18:40:11.883890", "mode": "SHELL", "input": "event = {", "status": "SUCCESS", "output": "", "error": null}
{"execution_id": "adc5cc41-1e4a-4383-9084-96442802fd8b", "timestamp": "2026-05-23T18:40:11.899704", "mode": "SHELL", "input": "\"event_id\": str(uuid.uuid4()),", "status": "SUCCESS", "output": "", "error": null}
{"execution_id": "7011b3be-41ea-4860-8c4e-d707ffe12464", "timestamp": "2026-05-23T18:40:11.912127", "mode": "SHELL", "input": "\"topic\": topic,", "status": "SUCCESS", "output": "", "error": null}
{"execution_id": "23e4cc0e-8a03-4e22-a1af-7269b8fbb6e1", "timestamp": "2026-05-23T18:40:11.928878", "mode": "SHELL", "input": "\"timestamp\": time.time(),", "status": "SUCCESS", "output": "", "error": null}
{"execution_id": "9050ce5d-a949-4481-be38-e5c0b09fcc3c", "timestamp": "2026-05-23T18:40:11.941201", "mode": "SHELL", "input": "\"payload\": payload", "status": "SUCCESS", "output": "", "error": null}
{"execution_id": "84186ceb-a222-4751-9d0c-138b26f24ca7", "timestamp": "2026-05-23T18:40:11.961666", "mode": "SHELL", "input": "}", "status": "SUCCESS", "output": "", "error": null}
{"execution_id": "260806e6-ef41-4f5d-8dee-0bc9b3dce2a4", "timestamp": "2026-05-23T18:40:11.975755", "mode": "SHELL", "input": "", "status": "SUCCESS", "output": "", "error": null}
{"execution_id": "2d2f5f2d-dd6c-4645-b308-f35086731656", "timestamp": "2026-05-23T18:40:11.997664", "mode": "SHELL", "input": "with open(self.path, \"a\") as f:", "status": "SUCCESS", "output": "", "error": null}
{"execution_id": "dbb193fc-badf-4ef3-abcb-f56a3d1edf5d", "timestamp": "2026-05-23T18:40:12.017559", "mode": "SHELL", "input": "f.write(json.dumps(event) + \"\\n\")", "status": "SUCCESS", "output": "", "error": null}
{"execution_id": "fd5348df-a37e-491f-9354-35ea89eaada7", "timestamp": "2026-05-23T18:40:12.036616", "mode": "SHELL", "input": "", "status": "SUCCESS", "output": "", "error": null}
{"execution_id": "2001d858-9aa7-401f-9bc9-6f4518c0df90", "timestamp": "2026-05-23T18:40:12.059253", "mode": "SHELL", "input": "return event[\"event_id\"]", "status": "SUCCESS", "output": "", "error": null}
{"execution_id": "0fa939e3-4ab8-48f1-9c52-f849110acda7", "timestamp": "2026-05-23T18:40:12.082536", "mode": "SHELL", "input": "", "status": "SUCCESS", "output": "", "error": null}
{"execution_id": "9e657397-5c4f-4df7-8804-d230d23dd3ea", "timestamp": "2026-05-23T18:40:12.106305", "mode": "SHELL", "input": "def stream(self):", "status": "SUCCESS", "output": "", "error": null}
{"execution_id": "c064a439-9ebb-41ec-a5f7-9aa2de4774dc", "timestamp": "2026-05-23T18:40:12.128918", "mode": "SHELL", "input": "with open(self.path, \"r\") as f:", "status": "SUCCESS", "output": "", "error": null}
{"execution_id": "0dfc0b05-7baf-4154-aae3-3c5c2a862bbe", "timestamp": "2026-05-23T18:40:12.151671", "mode": "SHELL", "input": "for line in f:", "status": "SUCCESS", "output": "", "error": null}
{"execution_id": "33c02c65-581b-4453-802e-c866ee8a0885", "timestamp": "2026-05-23T18:40:12.167175", "mode": "SHELL", "input": "yield json.loads(line)", "status": "SUCCESS", "output": "", "error": null}
{"execution_id": "5d81c411-a067-4443-a4bf-4b532f8675a3", "timestamp": "2026-05-23T19:21:11.621278", "mode": "SQL", "input": "EOFINSERT INTO settlement_queue (", "status": "SUCCESS", "output": "", "error": null}
{"execution_id": "ed34ac71-ecd9-4178-b728-c5c0ca6c2628", "timestamp": "2026-05-23T19:21:11.673194", "mode": "SHELL", "input": "id,", "status": "SUCCESS", "output": "", "error": null}
{"execution_id": "c2865a08-87c8-4668-ad28-fdaf929a0cca", "timestamp": "2026-05-23T19:21:11.687906", "mode": "SHELL", "input": "event_type,", "status": "SUCCESS", "output": "", "error": null}
{"execution_id": "e4742dff-4bee-49a2-8fdf-a998d645794b", "timestamp": "2026-05-23T19:21:11.706128", "mode": "SHELL", "input": "status,", "status": "SUCCESS", "output": "", "error": null}
{"execution_id": "37cc0018-80e8-425c-87cb-c492efa35e85", "timestamp": "2026-05-23T19:21:11.726694", "mode": "SHELL", "input": "payload,", "status": "SUCCESS", "output": "", "error": null}
{"execution_id": "646fc6bf-c07e-41cf-8e35-87a33583ec6c", "timestamp": "2026-05-23T19:21:11.760953", "mode": "SQL", "input": "created_at,", "status": "SUCCESS", "output": "", "error": null}
{"execution_id": "d0b8e596-7f51-4ed6-b7a2-4ed929858b60", "timestamp": "2026-05-23T19:21:11.803252", "mode": "SQL", "input": "updated_at,", "status": "SUCCESS", "output": "", "error": null}
{"execution_id": "e3105743-bbbd-4bfa-a63c-2981eb90c4e6", "timestamp": "2026-05-23T19:21:11.816844", "mode": "SHELL", "input": "retry_count,", "status": "SUCCESS", "output": "", "error": null}
{"execution_id": "ef1a217f-c5b4-4349-a530-733ef4a32a6d", "timestamp": "2026-05-23T19:21:11.828044", "mode": "SHELL", "input": "auth_id,", "status": "SUCCESS", "output": "", "error": null}
{"execution_id": "b5773bec-9d6d-4112-8710-e783ec7b4689", "timestamp": "2026-05-23T19:21:11.838220", "mode": "SHELL", "input": "wallet_id,", "status": "SUCCESS", "output": "", "error": null}
{"execution_id": "13f62f67-50d3-4b02-8c5e-524cdf23d07a", "timestamp": "2026-05-23T19:21:11.848282", "mode": "SHELL", "input": "amount", "status": "SUCCESS", "output": "", "error": null}
{"execution_id": "ef611353-46d1-4f27-ae0c-d972195a176c", "timestamp": "2026-05-23T19:21:11.856848", "mode": "SHELL", "input": ")", "status": "SUCCESS", "output": "", "error": null}
{"execution_id": "a3a82702-3e69-43be-83f6-c135c3e140ef", "timestamp": "2026-05-23T19:21:11.919303", "mode": "SHELL", "input": "VALUES (...)", "status": "SUCCESS", "output": "", "error": null}
