[OMEGA] Settlement engine started
[ERROR] 'wallet_id'
[ERROR] 'wallet_id'
[ERROR] 'wallet_id'
[ERROR] 'wallet_id'
[ERROR] 'wallet_id'
[ERROR] 'wallet_id'
[ERROR] 'wallet_id'
[ERROR] 'wallet_id'
[ERROR] 'wallet_id'
[ERROR] 'wallet_id'
[ERROR] 'wallet_id'
[ERROR] 'wallet_id'
[ERROR] 'wallet_id'
[ERROR] 'wallet_id'
[ERROR] 'wallet_id'
[ERROR] 'wallet_id'
[ERROR] 'wallet_id'
[ERROR] 'wallet_id'
[ERROR] 'wallet_id'
[ERROR] 'wallet_id'
[ERROR] 'wallet_id'
[ERROR] 'wallet_id'
[ERROR] 'wallet_id'
[ERROR] 'wallet_id'
[ERROR] 'wallet_id'
[ERROR] 'wallet_id'
[ERROR] 'wallet_id'
[ERROR] 'wallet_id'
[ERROR] 'wallet_id'
[ERROR] 'wallet_id'
[ERROR] 'wallet_id'
[ERROR] 'wallet_id'
[ERROR] 'wallet_id'
[ERROR] 'wallet_id'
[ERROR] 'wallet_id'
[ERROR] 'wallet_id'
[ERROR] 'wallet_id'
[ERROR] 'wallet_id'
[ERROR] 'wallet_id'
[ERROR] 'wallet_id'
[ERROR] 'wallet_id'
[ERROR] 'wallet_id'
[ERROR] 'wallet_id'
[ERROR] 'wallet_id'
[ERROR] 'wallet_id'
[ERROR] 'wallet_id'
[ERROR] 'wallet_id'
[ERROR] 'wallet_id'
[ERROR] 'wallet_id'
[ERROR] 'wallet_id'
[ERROR] 'wallet_id'
[ERROR] 'wallet_id'
[ERROR] 'wallet_id'
[ERROR] 'wallet_id'
[ERROR] 'wallet_id'
[ERROR] 'wallet_id'
[ERROR] 'wallet_id'
[ERROR] 'wallet_id'
[ERROR] 'wallet_id'
[ERROR] 'wallet_id'
[ERROR] 'wallet_id'
[ERROR] 'wallet_id'
[ERROR] 'wallet_id'
[ERROR] 'wallet_id'
[ERROR] 'wallet_id'
[ERROR] 'wallet_id'
[ERROR] 'wallet_id'
[ERROR] 'wallet_id'
[ERROR] 'wallet_id'
[ERROR] 'wallet_id'
[ERROR] 'wallet_id'
[ERROR] 'wallet_id'
[ERROR] 'wallet_id'
[ERROR] 'wallet_id'
[ERROR] 'wallet_id'
[ERROR] 'wallet_id'
[ERROR] 'wallet_id'
[ERROR] 'wallet_id'
[ERROR] 'wallet_id'
[ERROR] 'wallet_id'
[ERROR] 'wallet_id'
[ERROR] 'wallet_id'
[ERROR] 'wallet_id'
[ERROR] 'wallet_id'
[ERROR] 'wallet_id'
[ERROR] 'wallet_id'
[ERROR] 'wallet_id'
[ERROR] 'wallet_id'
[ERROR] 'wallet_id'
[ERROR] 'wallet_id'
[ERROR] 'wallet_id'
[ERROR] 'wallet_id'
[ERROR] 'wallet_id'
[ERROR] 'wallet_id'
[ERROR] 'wallet_id'
[ERROR] 'wallet_id'
[ERROR] 'wallet_id'
[ERROR] 'wallet_id'
[ERROR] 'wallet_id'
[ERROR] 'wallet_id'
[ERROR] 'wallet_id'
[ERROR] 'wallet_id'
[ERROR] 'wallet_id'
[ERROR] 'wallet_id'
[ERROR] 'wallet_id'
[ERROR] 'wallet_id'
[ERROR] 'wallet_id'
[ERROR] 'wallet_id'
[ERROR] 'wallet_id'
[ERROR] 'wallet_id'
[ERROR] 'wallet_id'
[ERROR] 'wallet_id'
[ERROR] 'wallet_id'
[ERROR] 'wallet_id'
[ERROR] 'wallet_id'
[ERROR] 'wallet_id'
[ERROR] 'wallet_id'
[ERROR] 'wallet_id'
[ERROR] 'wallet_id'
[ERROR] 'wallet_id'
[ERROR] 'wallet_id'
[ERROR] 'wallet_id'
[ERROR] 'wallet_id'
[ERROR] 'wallet_id'
[ERROR] 'wallet_id'
[ERROR] 'wallet_id'
[ERROR] 'wallet_id'
[ERROR] 'wallet_id'
[ERROR] 'wallet_id'
[ERROR] 'wallet_id'
[ERROR] 'wallet_id'
[ERROR] 'wallet_id'
[ERROR] 'wallet_id'
[ERROR] 'wallet_id'
[ERROR] 'wallet_id'
[ERROR] 'wallet_id'
[ERROR] 'wallet_id'
[ERROR] 'wallet_id'
[ERROR] 'wallet_id'
[ERROR] 'wallet_id'
[ERROR] 'wallet_id'
[ERROR] 'wallet_id'
[ERROR] 'wallet_id'
[ERROR] 'wallet_id'
[ERROR] 'wallet_id'
[ERROR] 'wallet_id'
[ERROR] 'wallet_id'
[ERROR] 'wallet_id'
[ERROR] 'wallet_id'
[ERROR] 'wallet_id'
[ERROR] 'wallet_id'
[ERROR] 'wallet_id'
[ERROR] 'wallet_id'
[ERROR] 'wallet_id'
[ERROR] 'wallet_id'
[ERROR] 'wallet_id'
[ERROR] 'wallet_id'
[ERROR] 'wallet_id'
[ERROR] 'wallet_id'
[ERROR] 'wallet_id'
[ERROR] 'wallet_id'
[ERROR] 'wallet_id'
[ERROR] 'wallet_id'
[ERROR] 'wallet_id'
[ERROR] 'wallet_id'
[ERROR] 'wallet_id'
Traceback (most recent call last):
  File "/data/data/com.termux/files/home/Omega-Production/omega_bank/omega_settlement_orchestrator.py", line 186, in <module>
    worker()
    ~~~~~~^^
  File "/data/data/com.termux/files/home/Omega-Production/omega_bank/omega_settlement_orchestrator.py", line 171, in worker
    jobs = fetch_jobs()
  File "/data/data/com.termux/files/home/Omega-Production/omega_bank/omega_settlement_orchestrator.py", line 135, in fetch_jobs
    with db() as conn:
         ~~^^
  File "/data/data/com.termux/files/home/Omega-Production/omega_bank/omega_settlement_orchestrator.py", line 30, in db
    return psycopg2.connect(DB_DSN)
           ~~~~~~~~~~~~~~~~^^^^^^^^
  File "/data/data/com.termux/files/usr/lib/python3.13/site-packages/psycopg2/__init__.py", line 122, in connect
    conn = _connect(dsn, connection_factory=connection_factory, **kwasync)
psycopg2.OperationalError: connection to server on socket "/data/data/com.termux/files/usr/tmp/.s.PGSQL.5432" failed: Connection refused
	Is the server running locally and accepting connections on that socket?

