[OMEGA] Spend Engine Active
[SETTLED] 38c1b6d6-cff7-43d1-ba13-51072305f88e

=== BALANCES ===
SENDER  : 1782488.0
RECEIVER: 1217362.0

[SETTLED] 808a09d0-a54d-42a7-9b17-69660d0e1dc0

=== BALANCES ===
SENDER  : 1782238.0
RECEIVER: 1217612.0

[SETTLED] 9bc9930b-0017-4277-a9f1-81c38da185aa

=== BALANCES ===
SENDER  : 1781988.0
RECEIVER: 1217862.0

[SETTLED] beafd9e2-ac3c-4acf-9dcb-721d1bf83191

=== BALANCES ===
SENDER  : 1781738.0
RECEIVER: 1218112.0

[SETTLED] aa78df35-8fdb-45eb-a5b2-4ae3fc342e00

=== BALANCES ===
SENDER  : 1781488.0
RECEIVER: 1218362.0

[SETTLED] e9307f76-4143-422c-b7e7-5e0e549a56fc

=== BALANCES ===
SENDER  : 1781238.0
RECEIVER: 1218612.0

[SETTLED] c3ef0d44-6cec-4fc1-8c3c-61ca236ca442

=== BALANCES ===
SENDER  : 1780988.0
RECEIVER: 1218862.0

[SETTLED] 61b619bf-21a6-496a-a9de-facd87a44d1f

=== BALANCES ===
SENDER  : 1780738.0
RECEIVER: 1219112.0

[SETTLED] 99674d65-042d-42eb-a19f-d95c962f1dbf

=== BALANCES ===
SENDER  : 1780488.0
RECEIVER: 1219362.0

[SETTLED] eb600d16-7019-40ed-a333-587bd11000ff

=== BALANCES ===
SENDER  : 1780238.0
RECEIVER: 1219612.0

[SETTLED] b0ccfe41-8672-4e94-bda1-6fdd3a730f30

=== BALANCES ===
SENDER  : 1779988.0
RECEIVER: 1219862.0

[SETTLED] 316b5f17-332a-41fa-a9a4-ff391f8357bd

=== BALANCES ===
SENDER  : 1779738.0
RECEIVER: 1220112.0

[SETTLED] 828ac64e-48c2-4b5f-a7a0-616dc549a3e8

=== BALANCES ===
SENDER  : 1779488.0
RECEIVER: 1220362.0

[SETTLED] e9e6bca4-aea6-4230-a8ca-83893b494210

=== BALANCES ===
SENDER  : 1779238.0
RECEIVER: 1220612.0

[SETTLED] b6a6f2d0-3e38-4b1f-9e2b-a925baf29838

=== BALANCES ===
SENDER  : 1778988.0
RECEIVER: 1220862.0

[SETTLED] ca88332b-d0fb-4933-929d-5e8e7a52fb4f

=== BALANCES ===
SENDER  : 1778738.0
RECEIVER: 1221112.0

[SETTLED] e083e410-50f4-436b-a30b-a148ffbfd2b3

=== BALANCES ===
SENDER  : 1778488.0
RECEIVER: 1221362.0

[SETTLED] ef90841e-3114-489b-b6d1-f293315b48c8

=== BALANCES ===
SENDER  : 1778238.0
RECEIVER: 1221612.0

[SETTLED] a9e51df6-e01a-4f06-8ce4-97352e846ccc

=== BALANCES ===
SENDER  : 1777988.0
RECEIVER: 1221862.0

[SETTLED] 162c6cd7-bcae-42d8-947f-553db83fb205

=== BALANCES ===
SENDER  : 1777738.0
RECEIVER: 1222112.0

[SETTLED] 1500892c-36fd-46d8-b2ec-4e1d5b527504

=== BALANCES ===
SENDER  : 1777488.0
RECEIVER: 1222362.0

[SETTLED] 8421abc8-d875-487c-b3b4-71eb69226111

=== BALANCES ===
SENDER  : 1777238.0
RECEIVER: 1222612.0

[SETTLED] 8decf8fb-d552-4bb2-a0f1-671debb88c57

=== BALANCES ===
SENDER  : 1776988.0
RECEIVER: 1222862.0

[SETTLED] b85f9e39-3416-474b-9d2e-b9bc94458db0

=== BALANCES ===
SENDER  : 1776738.0
RECEIVER: 1223112.0

[SETTLED] 43d0eaac-51cb-4076-8f4e-af2718b3277a

=== BALANCES ===
SENDER  : 1776488.0
RECEIVER: 1223362.0

[SETTLED] 5055cd47-d192-4a2b-a877-29a1c7cab400

=== BALANCES ===
SENDER  : 1776238.0
RECEIVER: 1223612.0

[SETTLED] 04e4e002-011f-496d-a839-59fdb317f420

=== BALANCES ===
SENDER  : 1775988.0
RECEIVER: 1223862.0

[SETTLED] abb47347-b47a-4720-b2ae-b0584500a5b6

=== BALANCES ===
SENDER  : 1775738.0
RECEIVER: 1224112.0

[SETTLED] 782dae07-68cb-45e9-9ddf-fa7cd149fa71

=== BALANCES ===
SENDER  : 1775488.0
RECEIVER: 1224362.0

[SETTLED] 48f4d8a4-2e5b-4fff-b40b-96830cc4e5cb

=== BALANCES ===
SENDER  : 1775238.0
RECEIVER: 1224612.0

[SETTLED] 07cf510d-6fed-40a6-b7f0-38c7af6be0d2

=== BALANCES ===
SENDER  : 1774988.0
RECEIVER: 1224862.0

[SETTLED] 62cf3562-519e-4db9-9106-b47215e95311

=== BALANCES ===
SENDER  : 1774738.0
RECEIVER: 1225112.0

[SETTLED] 41db6f99-ea32-42e3-9e46-642b53b31c8c

=== BALANCES ===
SENDER  : 1774488.0
RECEIVER: 1225362.0

[SETTLED] 31752b7f-2e30-450e-9b1c-a0a58e587ded

=== BALANCES ===
SENDER  : 1774238.0
RECEIVER: 1225612.0

[SETTLED] 48be0db8-fd2d-4750-a959-b3f82b65ad9a

=== BALANCES ===
SENDER  : 1773988.0
RECEIVER: 1225862.0

[SETTLED] f401771e-24d1-444c-b2a5-4b385f4af01e

=== BALANCES ===
SENDER  : 1773738.0
RECEIVER: 1226112.0

[SETTLED] 55abe535-4034-4364-b036-f4e0229533c0

=== BALANCES ===
SENDER  : 1773488.0
RECEIVER: 1226362.0

[SETTLED] 98133232-aeb9-443f-a815-a2bbad6d3964

=== BALANCES ===
SENDER  : 1773238.0
RECEIVER: 1226612.0

[SETTLED] da91a273-d3ae-467b-bff4-df9fbcea58a6

=== BALANCES ===
SENDER  : 1772988.0
RECEIVER: 1226862.0

[SETTLED] 9ed6602e-1e7d-4296-8746-574772bbd14d

=== BALANCES ===
SENDER  : 1772738.0
RECEIVER: 1227112.0

[SETTLED] 46e68c8e-3bab-49bd-8a03-6c27e8bc2177

=== BALANCES ===
SENDER  : 1772488.0
RECEIVER: 1227362.0

[SETTLED] 1eb68e9f-f227-4e21-a41f-2d9e20894381

=== BALANCES ===
SENDER  : 1772238.0
RECEIVER: 1227612.0

[SETTLED] 8792c11a-44d2-467b-b47b-fa5946c1fa51

=== BALANCES ===
SENDER  : 1771988.0
RECEIVER: 1227862.0

[SETTLED] 7f5c1aeb-49d6-42a9-b98c-4cced6badb13

=== BALANCES ===
SENDER  : 1771738.0
RECEIVER: 1228112.0

[SETTLED] cde4a42c-0bb4-4dc2-a583-229305d5f433

=== BALANCES ===
SENDER  : 1771488.0
RECEIVER: 1228362.0

[SETTLED] c16c1505-30ca-42df-b252-86dc27311dbb

=== BALANCES ===
SENDER  : 1771238.0
RECEIVER: 1228612.0

[SETTLED] ad6b17e9-bb51-4fb9-a1b5-c4f5506e960f

=== BALANCES ===
SENDER  : 1770988.0
RECEIVER: 1228862.0

[SETTLED] f7a9d2db-d68b-4af3-8b29-116e22d76f98

=== BALANCES ===
SENDER  : 1770738.0
RECEIVER: 1229112.0

[SETTLED] 79585e3c-a61c-4056-a914-def8bd6c1884

=== BALANCES ===
SENDER  : 1770488.0
RECEIVER: 1229362.0

[SETTLED] 9b6b06ec-2a1c-4328-b2fa-afb61ee79aea

=== BALANCES ===
SENDER  : 1770238.0
RECEIVER: 1229612.0

[SETTLED] 6d0d73d7-ca9d-41c7-aa34-90c946b9f7c7

=== BALANCES ===
SENDER  : 1769988.0
RECEIVER: 1229862.0

[SETTLED] 4b442684-22c8-4db2-a016-b6df1982f9cc

=== BALANCES ===
SENDER  : 1769738.0
RECEIVER: 1230112.0

[SETTLED] 39aed8aa-c077-47a8-8641-6ad90d979f44

=== BALANCES ===
SENDER  : 1769488.0
RECEIVER: 1230362.0

[SETTLED] 310f824a-c335-4d01-9330-403dc6f1de1c

=== BALANCES ===
SENDER  : 1769238.0
RECEIVER: 1230612.0

[SETTLED] bfa34401-e769-4a2a-9e97-4d88c6156714

=== BALANCES ===
SENDER  : 1768988.0
RECEIVER: 1230862.0

[SETTLED] 522743eb-99e9-4416-9edd-fe8b0727e47b

=== BALANCES ===
SENDER  : 1768738.0
RECEIVER: 1231112.0

[SETTLED] efb8cf68-2400-431d-b25e-a9d1993e2352

=== BALANCES ===
SENDER  : 1768488.0
RECEIVER: 1231362.0

[SETTLED] 87714b7e-d950-4381-96ec-0c752be5c8f2

=== BALANCES ===
SENDER  : 1768238.0
RECEIVER: 1231612.0

[SETTLED] 440c0e5d-c667-44a5-b879-143545119d68

=== BALANCES ===
SENDER  : 1767988.0
RECEIVER: 1231862.0

[SETTLED] ea4f7be1-6099-4897-9e5b-925e805e15f8

=== BALANCES ===
SENDER  : 1767738.0
RECEIVER: 1232112.0

[SETTLED] 0d3906c4-b67e-4777-bcb1-32db0781fd7f

=== BALANCES ===
SENDER  : 1767488.0
RECEIVER: 1232362.0

[SETTLED] e933969e-ea3e-4dcd-91a3-91900815e2aa

=== BALANCES ===
SENDER  : 1767238.0
RECEIVER: 1232612.0

[SETTLED] e223d58a-541f-4953-8b20-970d7cffc006

=== BALANCES ===
SENDER  : 1766988.0
RECEIVER: 1232862.0

[SETTLED] aedcedfd-c63b-40e7-a6a7-cc8ceda165f4

=== BALANCES ===
SENDER  : 1766738.0
RECEIVER: 1233112.0

[SETTLED] 0899135c-15fc-426c-8b07-0d379b34debc

=== BALANCES ===
SENDER  : 1766488.0
RECEIVER: 1233362.0

[SETTLED] 7166947e-3e47-43cb-b287-a853ee5ea315

=== BALANCES ===
SENDER  : 1766238.0
RECEIVER: 1233612.0

[SETTLED] b1155e6b-ac77-4d74-b165-12982158a042

=== BALANCES ===
SENDER  : 1765988.0
RECEIVER: 1233862.0

[SETTLED] d5550845-89f9-4b19-97dd-a395276ecf0f

=== BALANCES ===
SENDER  : 1765738.0
RECEIVER: 1234112.0

[SETTLED] 32fb0f91-8fbc-4538-ad4b-6ac2e33e3e14

=== BALANCES ===
SENDER  : 1765488.0
RECEIVER: 1234362.0

[SETTLED] 153ce0df-fa4a-4913-846d-88b5d6be65ba

=== BALANCES ===
SENDER  : 1765238.0
RECEIVER: 1234612.0

[SETTLED] fadcdeab-fc30-454b-90c7-1a1bf145910d

=== BALANCES ===
SENDER  : 1764988.0
RECEIVER: 1234862.0

[SETTLED] 9a2f1e6c-b3d6-44f7-8c55-b091f8b6e14e

=== BALANCES ===
SENDER  : 1764738.0
RECEIVER: 1235112.0

[SETTLED] 34370ee1-59dc-4bc6-a32e-6f6a36bd4c5e

=== BALANCES ===
SENDER  : 1764488.0
RECEIVER: 1235362.0

[SETTLED] 618d30ff-207b-4494-8e06-560e07d705ee

=== BALANCES ===
SENDER  : 1764238.0
RECEIVER: 1235612.0

[SETTLED] 765641b2-6633-4156-a705-5d51b9a53a67

=== BALANCES ===
SENDER  : 1763988.0
RECEIVER: 1235862.0

[SETTLED] 1f2503b4-ac10-49e9-ac1c-500fa805d114

=== BALANCES ===
SENDER  : 1763738.0
RECEIVER: 1236112.0

[SETTLED] 11e10882-92b2-473f-bde2-1b2530e65962

=== BALANCES ===
SENDER  : 1763488.0
RECEIVER: 1236362.0

[SETTLED] d5e7fe8d-57ea-4183-9d02-51159f117884

=== BALANCES ===
SENDER  : 1763238.0
RECEIVER: 1236612.0

[SETTLED] 41b95441-2e20-40d2-891e-59b5207fe534

=== BALANCES ===
SENDER  : 1762988.0
RECEIVER: 1236862.0

[SETTLED] 048cf55d-a3d0-4aa8-b642-61050ee71511

=== BALANCES ===
SENDER  : 1762738.0
RECEIVER: 1237112.0

[SETTLED] 316e6e57-2c7c-4be2-92e4-2c4f719c1271

=== BALANCES ===
SENDER  : 1762488.0
RECEIVER: 1237362.0

[SETTLED] 25136e67-4cd1-46b0-ac13-99c81d474f2e

=== BALANCES ===
SENDER  : 1762238.0
RECEIVER: 1237612.0

[SETTLED] 9d797dc4-46da-4f5f-97e2-202328d8e836

=== BALANCES ===
SENDER  : 1761988.0
RECEIVER: 1237862.0

[SETTLED] defadcc7-62d6-43d2-92bc-6c4fcca64f98

=== BALANCES ===
SENDER  : 1761738.0
RECEIVER: 1238112.0

[SETTLED] 5f8ce58b-d44f-4918-9abf-31c1117cdd8b

=== BALANCES ===
SENDER  : 1761488.0
RECEIVER: 1238362.0

[SETTLED] 65c3a2af-c8f1-4a0f-b06b-b527dafac259

=== BALANCES ===
SENDER  : 1761238.0
RECEIVER: 1238612.0

[SETTLED] a7b077b3-6994-46a1-9039-031a8f443b2a

=== BALANCES ===
SENDER  : 1760988.0
RECEIVER: 1238862.0

[SETTLED] 2aa1de38-2a9d-44cd-9507-d9a826f86e06

=== BALANCES ===
SENDER  : 1760738.0
RECEIVER: 1239112.0

[SETTLED] acc1d251-4de1-4646-8894-5c30891e27f6

=== BALANCES ===
SENDER  : 1760488.0
RECEIVER: 1239362.0

[SETTLED] 39de3223-ff4b-4ed5-b753-52cfa0ff8fbb

=== BALANCES ===
SENDER  : 1760238.0
RECEIVER: 1239612.0

[SETTLED] 27bef8b1-f927-4e61-a27a-b62fa5a2ace4

=== BALANCES ===
SENDER  : 1759988.0
RECEIVER: 1239862.0

[SETTLED] 1677859e-aaac-4ca8-a7de-b6617845f780

=== BALANCES ===
SENDER  : 1759738.0
RECEIVER: 1240112.0

[SETTLED] 1e6a83ac-a25f-43dd-b6f7-88d74496283f

=== BALANCES ===
SENDER  : 1759488.0
RECEIVER: 1240362.0

[SETTLED] 7b72078a-65d8-4d33-9d00-7d858703b8cc

=== BALANCES ===
SENDER  : 1759238.0
RECEIVER: 1240612.0

[SETTLED] 651285b7-d0d3-4a71-b599-e23f2b6817c7

=== BALANCES ===
SENDER  : 1758988.0
RECEIVER: 1240862.0

[SETTLED] 4880882a-5296-4306-8ba3-ff0293587b51

=== BALANCES ===
SENDER  : 1758738.0
RECEIVER: 1241112.0

[SETTLED] a9baa00a-42b9-4efc-86a6-3c8799ac0fc0

=== BALANCES ===
SENDER  : 1758488.0
RECEIVER: 1241362.0

[SETTLED] 2e601a26-2aa0-454c-a64a-cdae66d4eed6

=== BALANCES ===
SENDER  : 1758238.0
RECEIVER: 1241612.0

[SETTLED] 4377d59d-5ac4-4e5e-a0c2-d94994868162

=== BALANCES ===
SENDER  : 1757988.0
RECEIVER: 1241862.0

[SETTLED] 1f32a02b-00c7-40ec-a097-3608512dcc17

=== BALANCES ===
SENDER  : 1757738.0
RECEIVER: 1242112.0

[SETTLED] cfd7d5a8-222d-469e-b543-b9b3779e277a

=== BALANCES ===
SENDER  : 1757488.0
RECEIVER: 1242362.0

[SETTLED] 63e70d35-0270-47b6-8189-0196056bdc0c

=== BALANCES ===
SENDER  : 1757238.0
RECEIVER: 1242612.0

[SETTLED] e38cd8a3-9637-47f1-a05a-886cedea333a

=== BALANCES ===
SENDER  : 1756988.0
RECEIVER: 1242862.0

[SETTLED] 7a4aa07b-a973-4e64-878c-c5cf2faf27f9

=== BALANCES ===
SENDER  : 1756738.0
RECEIVER: 1243112.0

[SETTLED] c56bceee-2132-4519-998d-5bc63f1736f2

=== BALANCES ===
SENDER  : 1756488.0
RECEIVER: 1243362.0

[SETTLED] bd81b2f2-c557-4379-b3a1-d5a7d60419de

=== BALANCES ===
SENDER  : 1756238.0
RECEIVER: 1243612.0

[SETTLED] 7747ffd2-0678-4913-b325-fdab1c380ba3

=== BALANCES ===
SENDER  : 1755988.0
RECEIVER: 1243862.0

[SETTLED] c9eb438a-562e-49c0-86f8-d9a61f537595

=== BALANCES ===
SENDER  : 1755738.0
RECEIVER: 1244112.0

[SETTLED] b2a8dbb4-cca6-4353-8a5a-0687170e2ad0

=== BALANCES ===
SENDER  : 1755488.0
RECEIVER: 1244362.0

[SETTLED] a5e3b509-ede6-453f-aee3-0330ccc7e4d8

=== BALANCES ===
SENDER  : 1755238.0
RECEIVER: 1244612.0

[SETTLED] a939e259-1a98-4a96-8355-ff45972c76e5

=== BALANCES ===
SENDER  : 1754988.0
RECEIVER: 1244862.0

[SETTLED] dbfd5074-70b2-4000-b2ee-78c745639365

=== BALANCES ===
SENDER  : 1754738.0
RECEIVER: 1245112.0

[SETTLED] e244c941-7df3-4d30-84b7-43fb89610d7e

=== BALANCES ===
SENDER  : 1754488.0
RECEIVER: 1245362.0

[SETTLED] d0717a9a-2cfb-4a0b-a98a-ce2cba25ac8d

=== BALANCES ===
SENDER  : 1754238.0
RECEIVER: 1245612.0

[SETTLED] c2f78587-b71f-4213-9e21-0454137aa95e

=== BALANCES ===
SENDER  : 1753988.0
RECEIVER: 1245862.0

[SETTLED] ef59894c-302b-4b27-90a6-4e037c9383de

=== BALANCES ===
SENDER  : 1753738.0
RECEIVER: 1246112.0

[SETTLED] a46105d4-a35f-4c2a-9116-f576cd996fa1

=== BALANCES ===
SENDER  : 1753488.0
RECEIVER: 1246362.0

[SETTLED] e6f55e82-1bf1-4221-9bc0-23317a14910d

=== BALANCES ===
SENDER  : 1753238.0
RECEIVER: 1246612.0

[SETTLED] a7a65663-bb76-4676-be6f-099c0db7ee59

=== BALANCES ===
SENDER  : 1752988.0
RECEIVER: 1246862.0

[SETTLED] 10ca8261-79b0-4343-b9f0-bdcbdf7b1c9c

=== BALANCES ===
SENDER  : 1752738.0
RECEIVER: 1247112.0

[SETTLED] c3328e6e-d6cf-41c5-a040-6e8a0e720c8a

=== BALANCES ===
SENDER  : 1752488.0
RECEIVER: 1247362.0

[SETTLED] 9df73e22-c2dd-486c-8054-b1675cfb3af4

=== BALANCES ===
SENDER  : 1752238.0
RECEIVER: 1247612.0

[SETTLED] 72eef252-14f0-4cfc-8eb6-4914dfa6fc25

=== BALANCES ===
SENDER  : 1751988.0
RECEIVER: 1247862.0

[SETTLED] 50f135cf-0ad4-42b4-b2d8-3416c9fda29a

=== BALANCES ===
SENDER  : 1751738.0
RECEIVER: 1248112.0

[SETTLED] 446fb0e7-f95b-405c-96ae-fa4952d79808

=== BALANCES ===
SENDER  : 1751488.0
RECEIVER: 1248362.0

[SETTLED] fbe9fb32-6e17-4fe0-b9ea-fcbe32143b61

=== BALANCES ===
SENDER  : 1751238.0
RECEIVER: 1248612.0

[SETTLED] 299cfe19-3994-4c88-8c0a-a48487ccb460

=== BALANCES ===
SENDER  : 1750988.0
RECEIVER: 1248862.0

[SETTLED] efd498c4-6132-4f97-9c97-51146b88e048

=== BALANCES ===
SENDER  : 1750738.0
RECEIVER: 1249112.0

[SETTLED] 8db05e81-e1be-48c2-8a32-a4922575b11c

=== BALANCES ===
SENDER  : 1750488.0
RECEIVER: 1249362.0

[SETTLED] b60c611f-dc62-42ff-b890-6cee247c752f

=== BALANCES ===
SENDER  : 1750238.0
RECEIVER: 1249612.0

[SETTLED] 3582f054-1eba-4f04-987b-faeb57e7d5fb

=== BALANCES ===
SENDER  : 1749988.0
RECEIVER: 1249862.0

[SETTLED] 60120e42-6a60-4e7d-be53-0a4df6cbd88d

=== BALANCES ===
SENDER  : 1749738.0
RECEIVER: 1250112.0

[SETTLED] 6e59b14e-5991-48da-a018-f1ab1c7fbb79

=== BALANCES ===
SENDER  : 1749488.0
RECEIVER: 1250362.0

[SETTLED] 1681e46b-c8cc-40be-b9bf-03163137e0cc

=== BALANCES ===
SENDER  : 1749238.0
RECEIVER: 1250612.0

[SETTLED] b003fb2d-f962-4dd8-9857-d2826bf01c08

=== BALANCES ===
SENDER  : 1748988.0
RECEIVER: 1250862.0

[SETTLED] a686f1d1-f32a-4e43-8af6-4cb6b2ac3449

=== BALANCES ===
SENDER  : 1748738.0
RECEIVER: 1251112.0

[SETTLED] ab026b6f-0b17-4a66-a7a9-d0ee402fa3f5

=== BALANCES ===
SENDER  : 1748488.0
RECEIVER: 1251362.0

[SETTLED] 6139f546-151d-4796-b20c-cbd2805c6ed3

=== BALANCES ===
SENDER  : 1748238.0
RECEIVER: 1251612.0

[SETTLED] 942c0ca9-4232-430b-b625-2e8d5baa5a12

=== BALANCES ===
SENDER  : 1747988.0
RECEIVER: 1251862.0

[SETTLED] a1f7d4c7-9b21-45d5-a40e-af793696eb31

=== BALANCES ===
SENDER  : 1747738.0
RECEIVER: 1252112.0

[SETTLED] 4b15b259-8413-45dc-bc4f-0f5d609fb9fd

=== BALANCES ===
SENDER  : 1747488.0
RECEIVER: 1252362.0

[SETTLED] 6301c221-58ed-4e0d-a1b9-9c65da7b1ebf

=== BALANCES ===
SENDER  : 1747238.0
RECEIVER: 1252612.0

[SETTLED] f95e8bc3-3f02-4e60-ad44-436535c9492c

=== BALANCES ===
SENDER  : 1746988.0
RECEIVER: 1252862.0

[SETTLED] 523e086d-c3cb-435d-b5eb-2288647031de

=== BALANCES ===
SENDER  : 1746738.0
RECEIVER: 1253112.0

[SETTLED] 8d1b4c78-7f11-48d2-adc5-2e2a216b7ede

=== BALANCES ===
SENDER  : 1746488.0
RECEIVER: 1253362.0

[SETTLED] dfdcfede-4a9e-4d64-b8fb-c5d935487431

=== BALANCES ===
SENDER  : 1746238.0
RECEIVER: 1253612.0

[SETTLED] e1e25bc6-682f-4e53-8877-e70f8996afba

=== BALANCES ===
SENDER  : 1745988.0
RECEIVER: 1253862.0

[SETTLED] 26b8a379-833b-439e-b321-163e4fab9598

=== BALANCES ===
SENDER  : 1745738.0
RECEIVER: 1254112.0

[SETTLED] 2e6ae318-00fb-4470-9a9e-60aeff80aa13

=== BALANCES ===
SENDER  : 1745488.0
RECEIVER: 1254362.0

[SETTLED] 4181400f-0daf-412c-8ccd-120f2154c641

=== BALANCES ===
SENDER  : 1745238.0
RECEIVER: 1254612.0

[SETTLED] c1ffb979-30c5-4a01-b21f-bac88878bfdf

=== BALANCES ===
SENDER  : 1744988.0
RECEIVER: 1254862.0

[SETTLED] 63ebf217-c5d0-49d0-8041-7d5f0cbc2e34

=== BALANCES ===
SENDER  : 1744738.0
RECEIVER: 1255112.0

[SETTLED] 42efc852-5709-402f-b677-ca3a4131de48

=== BALANCES ===
SENDER  : 1744488.0
RECEIVER: 1255362.0

[SETTLED] da66c5c5-b23b-4c12-8d99-caf679e44b03

=== BALANCES ===
SENDER  : 1744238.0
RECEIVER: 1255612.0

[SETTLED] 3b80647f-a306-46fe-9bdc-2eb52d8fc0ec

=== BALANCES ===
SENDER  : 1743988.0
RECEIVER: 1255862.0

[SETTLED] ff43ddc2-10d4-4678-8bd1-b0efb1a7809c

=== BALANCES ===
SENDER  : 1743738.0
RECEIVER: 1256112.0

[SETTLED] d232259f-5316-49bb-85d1-9c0be1e0f52a

=== BALANCES ===
SENDER  : 1743488.0
RECEIVER: 1256362.0

[SETTLED] c0cb2d00-03fe-42b9-82fa-e93fcad85411

=== BALANCES ===
SENDER  : 1743238.0
RECEIVER: 1256612.0

[SETTLED] 9400ed94-6d90-4e14-8d66-15c8a466f6d8

=== BALANCES ===
SENDER  : 1742988.0
RECEIVER: 1256862.0

[SETTLED] 674886ad-1f89-4ca6-98d2-72ac438840d5

=== BALANCES ===
SENDER  : 1742738.0
RECEIVER: 1257112.0

[SETTLED] 048d25a0-8bb7-4ace-b701-be22dfc0444c

=== BALANCES ===
SENDER  : 1742488.0
RECEIVER: 1257362.0

[SETTLED] 4d0ecc29-d26b-46d7-9b7d-59e9a98c9cfc

=== BALANCES ===
SENDER  : 1742238.0
RECEIVER: 1257612.0

[SETTLED] 9eccf183-6def-4c01-a0f2-ec9ddcc2804a

=== BALANCES ===
SENDER  : 1741988.0
RECEIVER: 1257862.0

[SETTLED] 108563fe-d22e-4592-a1bc-7f66e547ee1d

=== BALANCES ===
SENDER  : 1741738.0
RECEIVER: 1258112.0

[SETTLED] 5f71eb99-4d88-4e83-8290-d943d4552b45

=== BALANCES ===
SENDER  : 1741488.0
RECEIVER: 1258362.0

[SETTLED] 7dab3236-69d9-449b-840e-8b6a86186e66

=== BALANCES ===
SENDER  : 1741238.0
RECEIVER: 1258612.0

[SETTLED] 6e4bf0cb-3d2c-491c-b69a-29ed9fe50aaa

=== BALANCES ===
SENDER  : 1740988.0
RECEIVER: 1258862.0

[SETTLED] ad0b4a92-7fcf-41d4-b738-9bead45cba6f

=== BALANCES ===
SENDER  : 1740738.0
RECEIVER: 1259112.0

[SETTLED] 665cce92-97d1-461d-9e40-9d49fb16de25

=== BALANCES ===
SENDER  : 1740488.0
RECEIVER: 1259362.0

[SETTLED] 64ea0154-9b26-4a30-8c33-dc1622c7fc4c

=== BALANCES ===
SENDER  : 1740238.0
RECEIVER: 1259612.0

[SETTLED] 30cc2af2-0e90-438e-83e4-9c63aaebc686

=== BALANCES ===
SENDER  : 1739988.0
RECEIVER: 1259862.0

[SETTLED] 931c68d1-24f0-4ebe-866b-f15d89a49dc9

=== BALANCES ===
SENDER  : 1739738.0
RECEIVER: 1260112.0

[SETTLED] 35562423-5dfb-4174-a21e-08704d867ce0

=== BALANCES ===
SENDER  : 1739488.0
RECEIVER: 1260362.0

[SETTLED] b977e28a-ee88-4160-b666-7db940f24c07

=== BALANCES ===
SENDER  : 1739238.0
RECEIVER: 1260612.0

[SETTLED] 2a04d81d-b671-4727-9688-b0b99763592d

=== BALANCES ===
SENDER  : 1738988.0
RECEIVER: 1260862.0

[SETTLED] c1b1ddbd-9611-4945-915b-dd64c759fd25

=== BALANCES ===
SENDER  : 1738738.0
RECEIVER: 1261112.0

[SETTLED] ddc540ed-1b96-45da-9842-112e0a88527c

=== BALANCES ===
SENDER  : 1738488.0
RECEIVER: 1261362.0

[SETTLED] 324b9efb-a169-4dfb-ba8d-ffb90e25a5c6

=== BALANCES ===
SENDER  : 1738238.0
RECEIVER: 1261612.0

[SETTLED] fa0b6c5a-6cef-4336-900c-d67df49f1a54

=== BALANCES ===
SENDER  : 1737988.0
RECEIVER: 1261862.0

[SETTLED] d94aa8bf-7ed4-4de9-97ce-8abef5f46976

=== BALANCES ===
SENDER  : 1737738.0
RECEIVER: 1262112.0

[SETTLED] 5514713c-83e6-44eb-b9e4-2c7714d87fd9

=== BALANCES ===
SENDER  : 1737488.0
RECEIVER: 1262362.0

[SETTLED] 6af72344-1332-4b0a-8d60-83d8137bd5e1

=== BALANCES ===
SENDER  : 1737238.0
RECEIVER: 1262612.0

[SETTLED] a696a90b-2718-4f1a-adf3-43757be813f9

=== BALANCES ===
SENDER  : 1736988.0
RECEIVER: 1262862.0

[SETTLED] b9916aae-4860-4499-9aa9-4f591ce03d0b

=== BALANCES ===
SENDER  : 1736738.0
RECEIVER: 1263112.0

[SETTLED] a88c9b67-1597-42e0-835b-e71235d9b204

=== BALANCES ===
SENDER  : 1736488.0
RECEIVER: 1263362.0

[SETTLED] f59c3b63-aa7c-425e-a903-ec06849f8001

=== BALANCES ===
SENDER  : 1736238.0
RECEIVER: 1263612.0

[SETTLED] eec787e2-41b9-43ae-9bcd-cacbbe09a40f

=== BALANCES ===
SENDER  : 1735988.0
RECEIVER: 1263862.0

[SETTLED] 43488559-6a6f-4552-990a-5bccb0207738

=== BALANCES ===
SENDER  : 1735738.0
RECEIVER: 1264112.0

[SETTLED] bff3fcb7-e089-4652-8a86-a8962135660e

=== BALANCES ===
SENDER  : 1735488.0
RECEIVER: 1264362.0

[SETTLED] b5bc0a5e-b79d-4880-9399-83116753fdc9

=== BALANCES ===
SENDER  : 1735238.0
RECEIVER: 1264612.0

[SETTLED] d9b2cbaa-8bdb-4df9-94cc-3931ed214e33

=== BALANCES ===
SENDER  : 1734988.0
RECEIVER: 1264862.0

[SETTLED] 495670ae-8d44-4125-8718-ecf32f55a0a3

=== BALANCES ===
SENDER  : 1734738.0
RECEIVER: 1265112.0

[SETTLED] 0cc8a443-f98f-4085-8459-43fb561e0eab

=== BALANCES ===
SENDER  : 1734488.0
RECEIVER: 1265362.0

[SETTLED] aa735a84-deff-4b42-b2bc-1e29eaad4e94

=== BALANCES ===
SENDER  : 1734238.0
RECEIVER: 1265612.0

[SETTLED] 733a7781-80a8-4789-a13e-73e0212cd049

=== BALANCES ===
SENDER  : 1733988.0
RECEIVER: 1265862.0

[SETTLED] 8fb429e5-e4ea-4fc3-a1f5-cddfa67b0076

=== BALANCES ===
SENDER  : 1733738.0
RECEIVER: 1266112.0

[SETTLED] c3c7ff24-3c53-466f-b68b-5cc4c3ff8547

=== BALANCES ===
SENDER  : 1733488.0
RECEIVER: 1266362.0

[SETTLED] 982b741f-7d98-443b-ac63-0c84e7a1b544

=== BALANCES ===
SENDER  : 1733238.0
RECEIVER: 1266612.0

[SETTLED] d04499ad-0720-4df9-938d-249740d64d27

=== BALANCES ===
SENDER  : 1732988.0
RECEIVER: 1266862.0

[SETTLED] ff80aafd-eb6c-4207-82c6-df3fb07bed6a

=== BALANCES ===
SENDER  : 1732738.0
RECEIVER: 1267112.0

[SETTLED] 8a09bf44-d7b0-492b-8adb-056ca4151e6c

=== BALANCES ===
SENDER  : 1732488.0
RECEIVER: 1267362.0

[SETTLED] 223c261a-97cf-4b72-bf9d-c163282f4452

=== BALANCES ===
SENDER  : 1732238.0
RECEIVER: 1267612.0

[SETTLED] 3fda0927-f334-4399-819c-d0670befd9a8

=== BALANCES ===
SENDER  : 1731988.0
RECEIVER: 1267862.0

[SETTLED] 23831007-9378-4484-a254-af54b280676a

=== BALANCES ===
SENDER  : 1731738.0
RECEIVER: 1268112.0

[SETTLED] e7c30c0e-1ed8-49cd-8d34-bb203c4b9d8c

=== BALANCES ===
SENDER  : 1731488.0
RECEIVER: 1268362.0

[SETTLED] ca990eb9-114c-4341-aa57-7054a6d2e183

=== BALANCES ===
SENDER  : 1731238.0
RECEIVER: 1268612.0

[SETTLED] 736158cb-13ec-4136-a31d-6e1b23fdd45e

=== BALANCES ===
SENDER  : 1730988.0
RECEIVER: 1268862.0

[SETTLED] 623d8d85-3ec9-4656-bba2-cf3e8c202414

=== BALANCES ===
SENDER  : 1730738.0
RECEIVER: 1269112.0

[SETTLED] 1a2107e7-3152-49e1-b247-0dcd99757ab3

=== BALANCES ===
SENDER  : 1730488.0
RECEIVER: 1269362.0

[SETTLED] 54898ae6-d412-4c32-b515-85a0cd785a44

=== BALANCES ===
SENDER  : 1730238.0
RECEIVER: 1269612.0

[SETTLED] b174ca3d-8d96-4f6c-819c-70365d1c67cd

=== BALANCES ===
SENDER  : 1729988.0
RECEIVER: 1269862.0

[SETTLED] cc10775c-aaca-44fb-9a17-d2470fedf826

=== BALANCES ===
SENDER  : 1729738.0
RECEIVER: 1270112.0

[SETTLED] 698f1566-56c3-4585-bb3e-fe00f777cc90

=== BALANCES ===
SENDER  : 1729488.0
RECEIVER: 1270362.0

[SETTLED] 554cee74-ac8b-4d61-a330-1ddfa5661a67

=== BALANCES ===
SENDER  : 1729238.0
RECEIVER: 1270612.0

[SETTLED] b0b92773-fb61-4c1c-9451-b59255a3029e

=== BALANCES ===
SENDER  : 1728988.0
RECEIVER: 1270862.0

[SETTLED] 9c0be73e-0beb-420b-ac21-da406dd2a962

=== BALANCES ===
SENDER  : 1728738.0
RECEIVER: 1271112.0

[SETTLED] 4725649f-782b-42d4-986e-e434711c2028

=== BALANCES ===
SENDER  : 1728488.0
RECEIVER: 1271362.0

[SETTLED] 19f7ffb2-9a86-48ab-b922-98e14d89261a

=== BALANCES ===
SENDER  : 1728238.0
RECEIVER: 1271612.0

[SETTLED] 1e40820e-d9c0-4ed9-9a88-ebdfe486b1ec

=== BALANCES ===
SENDER  : 1727988.0
RECEIVER: 1271862.0

[SETTLED] 211741dd-3920-4cca-8f5d-e9cc19a17574

=== BALANCES ===
SENDER  : 1727738.0
RECEIVER: 1272112.0

[SETTLED] c4c2bcd8-732d-4f33-b638-792b9d671f35

=== BALANCES ===
SENDER  : 1727488.0
RECEIVER: 1272362.0

[SETTLED] f3ecba5b-89dc-4abc-8d60-e9e5df8cb041

=== BALANCES ===
SENDER  : 1727238.0
RECEIVER: 1272612.0

[SETTLED] d6dc96d5-3228-499c-b7d7-97cbfac85ad1

=== BALANCES ===
SENDER  : 1726988.0
RECEIVER: 1272862.0

[SETTLED] 26cce992-8310-4b64-b002-14e6a7b7210a

=== BALANCES ===
SENDER  : 1726738.0
RECEIVER: 1273112.0

[SETTLED] 051675ec-fe85-4c07-b027-f131def0f0c9

=== BALANCES ===
SENDER  : 1726488.0
RECEIVER: 1273362.0

[SETTLED] 80dd4b32-cf8c-4f6a-9c8f-121c51b65638

=== BALANCES ===
SENDER  : 1726238.0
RECEIVER: 1273612.0

[SETTLED] 100ff115-85cd-4314-9cf2-6c0917ad2a8c

=== BALANCES ===
SENDER  : 1725988.0
RECEIVER: 1273862.0

[SETTLED] 54bc0bc1-4ce8-4ee1-ab4a-26f4a8714f54

=== BALANCES ===
SENDER  : 1725738.0
RECEIVER: 1274112.0

[SETTLED] 9e7c2f89-8c92-49da-9030-c812426a7f83

=== BALANCES ===
SENDER  : 1725488.0
RECEIVER: 1274362.0

[SETTLED] 17e0a994-7a78-42e4-b110-b7c9042deadb

=== BALANCES ===
SENDER  : 1725238.0
RECEIVER: 1274612.0

[SETTLED] 2a7e638b-99c7-44a8-80e6-0dc9f490e412

=== BALANCES ===
SENDER  : 1724988.0
RECEIVER: 1274862.0

[SETTLED] aca0bad2-050b-424d-a7be-0b48a1c83ad5

=== BALANCES ===
SENDER  : 1724738.0
RECEIVER: 1275112.0

[SETTLED] 2d727f9a-fe8b-4cc7-bed5-a95241ccbf46

=== BALANCES ===
SENDER  : 1724488.0
RECEIVER: 1275362.0

[SETTLED] c1b4a0e0-2fc4-42fd-852b-edf5fa4da90a

=== BALANCES ===
SENDER  : 1724238.0
RECEIVER: 1275612.0

[SETTLED] 1760b738-db54-4bcb-aaf6-0fc11abaa338

=== BALANCES ===
SENDER  : 1723988.0
RECEIVER: 1275862.0

[SETTLED] 151c02d1-0272-4797-82be-55dcfd475368

=== BALANCES ===
SENDER  : 1723738.0
RECEIVER: 1276112.0

[SETTLED] cc585341-6282-4590-91b4-effae764b165

=== BALANCES ===
SENDER  : 1723488.0
RECEIVER: 1276362.0

[SETTLED] 9b3ffd3b-79a9-4eb4-a6ca-f13b67adf2fa

=== BALANCES ===
SENDER  : 1723238.0
RECEIVER: 1276612.0

[SETTLED] b704d724-a8a6-4234-9c28-b3a6efbaf048

=== BALANCES ===
SENDER  : 1722988.0
RECEIVER: 1276862.0

[SETTLED] b06f2c30-d746-41a8-ab46-e7a90c29fb27

=== BALANCES ===
SENDER  : 1722738.0
RECEIVER: 1277112.0

[SETTLED] a98096d2-528e-478c-b9d1-fdbd11871540

=== BALANCES ===
SENDER  : 1722488.0
RECEIVER: 1277362.0

[SETTLED] e68c6057-66f8-4275-9676-1c648984bac5

=== BALANCES ===
SENDER  : 1722238.0
RECEIVER: 1277612.0

[SETTLED] 40ef407a-2949-4ba6-aed8-762f810f4b5f

=== BALANCES ===
SENDER  : 1721988.0
RECEIVER: 1277862.0

[SETTLED] 60c3e32e-d299-4f55-9a0d-95ec03e62e97

=== BALANCES ===
SENDER  : 1721738.0
RECEIVER: 1278112.0

[SETTLED] aa1aff91-1598-46ed-8e1f-dfc5b1d377b8

=== BALANCES ===
SENDER  : 1721488.0
RECEIVER: 1278362.0

[SETTLED] ef58a92d-f318-450b-9eec-5adda4096a3e

=== BALANCES ===
SENDER  : 1721238.0
RECEIVER: 1278612.0

[SETTLED] f64200d5-3136-4df8-b436-566123d58e98

=== BALANCES ===
SENDER  : 1720988.0
RECEIVER: 1278862.0

[SETTLED] e545fdc7-b01e-44c1-a5bb-cf54a1757a28

=== BALANCES ===
SENDER  : 1720738.0
RECEIVER: 1279112.0

[SETTLED] 28c77b7d-632b-40f1-8531-2208f14198a9

=== BALANCES ===
SENDER  : 1720488.0
RECEIVER: 1279362.0

[SETTLED] 3aa75dbc-9ee3-45bb-ae95-fdf08f79da84

=== BALANCES ===
SENDER  : 1720238.0
RECEIVER: 1279612.0

[SETTLED] 3590959f-2632-41ef-9bcd-e6c8d4836680

=== BALANCES ===
SENDER  : 1719988.0
RECEIVER: 1279862.0

[SETTLED] 25a24fd7-a997-4160-9cfd-6634ebe725f4

=== BALANCES ===
SENDER  : 1719738.0
RECEIVER: 1280112.0

[SETTLED] fecfda28-5cf6-4d71-8261-dacdcff02da3

=== BALANCES ===
SENDER  : 1719488.0
RECEIVER: 1280362.0

[SETTLED] dcb0543b-0768-4b8e-8472-e4205008fdcb

=== BALANCES ===
SENDER  : 1719238.0
RECEIVER: 1280612.0

[SETTLED] cb00dcca-c10c-47a2-bf3e-c5da3ae99794

=== BALANCES ===
SENDER  : 1718988.0
RECEIVER: 1280862.0

[SETTLED] d10b8cb9-c187-4849-9b52-e1d9d1199ade

=== BALANCES ===
SENDER  : 1718738.0
RECEIVER: 1281112.0

[SETTLED] 00f4fb96-b64c-498f-b6c3-c97484baccb5

=== BALANCES ===
SENDER  : 1718488.0
RECEIVER: 1281362.0

[SETTLED] 33c2a33c-975b-4d64-830c-b5278e003448

=== BALANCES ===
SENDER  : 1718238.0
RECEIVER: 1281612.0

[SETTLED] ec26eab9-bb85-4f7a-b0dd-04e87a564a03

=== BALANCES ===
SENDER  : 1717988.0
RECEIVER: 1281862.0

[SETTLED] a851a64c-37a7-4f33-a682-b3ea5084c52a

=== BALANCES ===
SENDER  : 1717738.0
RECEIVER: 1282112.0

[SETTLED] 3ec27799-1480-4ed2-8a29-bc88b4766290

=== BALANCES ===
SENDER  : 1717488.0
RECEIVER: 1282362.0

[SETTLED] 7af0a236-a4dc-4e65-92da-c1406e410811

=== BALANCES ===
SENDER  : 1717238.0
RECEIVER: 1282612.0

[SETTLED] 05f611c0-c04c-4a51-a8c2-7ed6bfea9f79

=== BALANCES ===
SENDER  : 1716988.0
RECEIVER: 1282862.0

[SETTLED] 14297aed-b7e4-475b-ab46-a523c28d2e6e

=== BALANCES ===
SENDER  : 1716738.0
RECEIVER: 1283112.0

[SETTLED] 1cbbf61b-398c-4748-8adf-340a35980da0

=== BALANCES ===
SENDER  : 1716488.0
RECEIVER: 1283362.0

[SETTLED] e7ffc7a3-ceda-4f45-b11f-52f6960b9db5

=== BALANCES ===
SENDER  : 1716238.0
RECEIVER: 1283612.0

[SETTLED] 1ed09a75-08ab-4fd0-844a-38cba95f1c42

=== BALANCES ===
SENDER  : 1715988.0
RECEIVER: 1283862.0

[SETTLED] 1dc12bfd-18c8-4b81-bbf5-2e8d822dfeb6

=== BALANCES ===
SENDER  : 1715738.0
RECEIVER: 1284112.0

[SETTLED] 1aeb70ea-0fd1-46ff-86bd-5a0101c16a04

=== BALANCES ===
SENDER  : 1715488.0
RECEIVER: 1284362.0

[SETTLED] 1610c34b-7547-4a52-988f-de0185f6f4b0

=== BALANCES ===
SENDER  : 1715238.0
RECEIVER: 1284612.0

[SETTLED] 94cf1241-c5df-4e28-917e-30082313caa5

=== BALANCES ===
SENDER  : 1714988.0
RECEIVER: 1284862.0

[SETTLED] 3c1b5af2-b83b-4dab-a24f-6e6f00dc1d79

=== BALANCES ===
SENDER  : 1714738.0
RECEIVER: 1285112.0

[SETTLED] fed557da-7a80-4fb9-985c-d1e1df624216

=== BALANCES ===
SENDER  : 1714488.0
RECEIVER: 1285362.0

[SETTLED] aac27b41-9d2e-4cc2-9958-aca8f2b8d828

=== BALANCES ===
SENDER  : 1714238.0
RECEIVER: 1285612.0

[SETTLED] e8648ead-546b-49a8-b857-44115d143173

=== BALANCES ===
SENDER  : 1713988.0
RECEIVER: 1285862.0

[SETTLED] 0e333351-dcb5-4cb3-805b-43390b089d61

=== BALANCES ===
SENDER  : 1713738.0
RECEIVER: 1286112.0

[SETTLED] 160d36bd-7fd4-4b54-846d-993e49de55bd

=== BALANCES ===
SENDER  : 1713488.0
RECEIVER: 1286362.0

[SETTLED] 5baa5314-0bc7-46b6-a676-2282472c1d36

=== BALANCES ===
SENDER  : 1713238.0
RECEIVER: 1286612.0

[SETTLED] d44609e5-ce6d-41c8-b3cc-062e769b0cf2

=== BALANCES ===
SENDER  : 1712988.0
RECEIVER: 1286862.0

[SETTLED] 65adf3ed-6a60-4e66-933c-bb3383942c73

=== BALANCES ===
SENDER  : 1712738.0
RECEIVER: 1287112.0

[SETTLED] c52983b5-40af-491e-8be1-11c9ffafc70a

=== BALANCES ===
SENDER  : 1712488.0
RECEIVER: 1287362.0

[SETTLED] 9729cb3f-4650-49a5-b7ff-07cc22e092df

=== BALANCES ===
SENDER  : 1712238.0
RECEIVER: 1287612.0

[SETTLED] 283b97ab-4707-4bc4-8846-2f5182820184

=== BALANCES ===
SENDER  : 1711988.0
RECEIVER: 1287862.0

[SETTLED] f95f680f-76c7-44b0-bb64-50fba5bb9f88

=== BALANCES ===
SENDER  : 1711738.0
RECEIVER: 1288112.0

[SETTLED] 7971800c-7ab4-476f-a58d-846388ee572d

=== BALANCES ===
SENDER  : 1711488.0
RECEIVER: 1288362.0

[SETTLED] b33f9cf3-47f3-4d9d-a09a-3b8b2e0a37b2

=== BALANCES ===
SENDER  : 1711238.0
RECEIVER: 1288612.0

[SETTLED] 43c06a67-befc-49ee-962b-d258542dd91d

=== BALANCES ===
SENDER  : 1710988.0
RECEIVER: 1288862.0

[SETTLED] 812f996d-c3d2-4585-91b8-d6ab710a9740

=== BALANCES ===
SENDER  : 1710738.0
RECEIVER: 1289112.0

[SETTLED] ebf6a2d6-2de2-4f5e-b83b-1f0c6a5ca741

=== BALANCES ===
SENDER  : 1710488.0
RECEIVER: 1289362.0

[SETTLED] abd09ee1-b1f2-4795-a635-e9b65f84de59

=== BALANCES ===
SENDER  : 1710238.0
RECEIVER: 1289612.0

[SETTLED] c26846ae-f370-464e-83ef-eb432dfe1df7

=== BALANCES ===
SENDER  : 1709988.0
RECEIVER: 1289862.0

[SETTLED] 47f856db-dbc1-47f7-b50c-f968f63688de

=== BALANCES ===
SENDER  : 1709738.0
RECEIVER: 1290112.0

[SETTLED] 9663eee8-0071-482a-9ef7-038fa4290e5f

=== BALANCES ===
SENDER  : 1709488.0
RECEIVER: 1290362.0

[SETTLED] 74ab2854-a18c-4868-8946-21c7a96d3704

=== BALANCES ===
SENDER  : 1709238.0
RECEIVER: 1290612.0

[SETTLED] 5fbf2474-c392-473a-a991-1953d1ba0d0c

=== BALANCES ===
SENDER  : 1708988.0
RECEIVER: 1290862.0

[SETTLED] f5e8155f-30ce-4161-86e0-05387e47457c

=== BALANCES ===
SENDER  : 1708738.0
RECEIVER: 1291112.0

[SETTLED] 9663e2f2-2610-4e2b-897c-45865b5750ab

=== BALANCES ===
SENDER  : 1708488.0
RECEIVER: 1291362.0

[SETTLED] 21f553bb-8271-4e68-a684-d5b479297f5c

=== BALANCES ===
SENDER  : 1708238.0
RECEIVER: 1291612.0

[SETTLED] b5f8c769-74b0-428e-b30e-a0652b7d74e3

=== BALANCES ===
SENDER  : 1707988.0
RECEIVER: 1291862.0

[SETTLED] 2c55a49d-df02-4aeb-b103-49161a297a30

=== BALANCES ===
SENDER  : 1707738.0
RECEIVER: 1292112.0

[SETTLED] ffd43390-dd23-412c-b4bb-23a80ea8e95c

=== BALANCES ===
SENDER  : 1707488.0
RECEIVER: 1292362.0

[SETTLED] 6729267f-62c2-4493-8ce0-8d39c7ee502a

=== BALANCES ===
SENDER  : 1707238.0
RECEIVER: 1292612.0

[SETTLED] 7a95125b-ed07-4f69-ae2a-53db3babfaee

=== BALANCES ===
SENDER  : 1706988.0
RECEIVER: 1292862.0

[SETTLED] 2fb9dbed-3b10-428a-974d-37c6490cbf6e

=== BALANCES ===
SENDER  : 1706738.0
RECEIVER: 1293112.0

[SETTLED] c36e78cb-5b3c-41d8-9416-672ba56c2c38

=== BALANCES ===
SENDER  : 1706488.0
RECEIVER: 1293362.0

[SETTLED] d6c84599-4c33-4267-9c7b-c64c669641c9

=== BALANCES ===
SENDER  : 1706238.0
RECEIVER: 1293612.0

[SETTLED] 59f3c4a4-99a4-4724-9f21-5b73b1241535

=== BALANCES ===
SENDER  : 1705988.0
RECEIVER: 1293862.0

[SETTLED] 4137531a-2f89-4fe2-b7cb-161586ae1b7a

=== BALANCES ===
SENDER  : 1705738.0
RECEIVER: 1294112.0

[SETTLED] c0f24dfa-8fd9-426a-9479-273f94ab453b

=== BALANCES ===
SENDER  : 1705488.0
RECEIVER: 1294362.0

[SETTLED] f1ab949a-3040-4289-83f9-52854233f65f

=== BALANCES ===
SENDER  : 1705238.0
RECEIVER: 1294612.0

[SETTLED] a792b859-9cb7-4de1-8d4c-e6cdef41f1da

=== BALANCES ===
SENDER  : 1704988.0
RECEIVER: 1294862.0

[SETTLED] 7d5c2c00-0b28-444a-b257-1e43bc264ef9

=== BALANCES ===
SENDER  : 1704738.0
RECEIVER: 1295112.0

[SETTLED] e2d76bcc-371a-4983-8cf7-438153765d8f

=== BALANCES ===
SENDER  : 1704488.0
RECEIVER: 1295362.0

[SETTLED] 586e7a23-3704-43f5-a5cf-8fc3fdd260e5

=== BALANCES ===
SENDER  : 1704238.0
RECEIVER: 1295612.0

[SETTLED] 13a22393-eda6-4b2e-88af-da7344edccd5

=== BALANCES ===
SENDER  : 1703988.0
RECEIVER: 1295862.0

[SETTLED] 5981ec9a-c0b4-4e66-afb4-a9087acc8a00

=== BALANCES ===
SENDER  : 1703738.0
RECEIVER: 1296112.0

[SETTLED] c26a2567-38f9-43ce-a8d2-f4ac872e1a92

=== BALANCES ===
SENDER  : 1703488.0
RECEIVER: 1296362.0

[SETTLED] 9cfd0abd-29e8-412f-9007-3a510a436c1e

=== BALANCES ===
SENDER  : 1703238.0
RECEIVER: 1296612.0

[SETTLED] 6d3be113-2201-475f-a97d-f1f09be90271

=== BALANCES ===
SENDER  : 1702988.0
RECEIVER: 1296862.0

[SETTLED] 997313a4-2a26-40a9-9d41-f34ba73c1d03

=== BALANCES ===
SENDER  : 1702738.0
RECEIVER: 1297112.0

[SETTLED] 1d093a29-44b2-44e7-9b3f-8de101b71b25

=== BALANCES ===
SENDER  : 1702488.0
RECEIVER: 1297362.0

[SETTLED] 3fb08a71-11d3-411d-adca-cc79d4fbbdcb

=== BALANCES ===
SENDER  : 1702238.0
RECEIVER: 1297612.0

[SETTLED] ad1b481c-14d9-43ca-8280-75d980b1497d

=== BALANCES ===
SENDER  : 1701988.0
RECEIVER: 1297862.0

[SETTLED] 55fee9ba-65ff-4161-a07e-638a222c11d4

=== BALANCES ===
SENDER  : 1701738.0
RECEIVER: 1298112.0

[SETTLED] 03e2b634-1747-45a4-9ecd-555a1962f57a

=== BALANCES ===
SENDER  : 1701488.0
RECEIVER: 1298362.0

[SETTLED] 10378041-ec78-4f23-b8cc-ffee4a95d4f8

=== BALANCES ===
SENDER  : 1701238.0
RECEIVER: 1298612.0

[SETTLED] f469db3d-b19b-464e-a7f4-baf8352f549f

=== BALANCES ===
SENDER  : 1700988.0
RECEIVER: 1298862.0

[SETTLED] a4b0429a-b1f3-4105-b074-826cf2baf3da

=== BALANCES ===
SENDER  : 1700738.0
RECEIVER: 1299112.0

[SETTLED] ac28da05-fd6e-411b-81ca-ccc35f640b3c

=== BALANCES ===
SENDER  : 1700488.0
RECEIVER: 1299362.0

[SETTLED] 33227ca1-515c-4533-96c1-16a8767ed9fe

=== BALANCES ===
SENDER  : 1700238.0
RECEIVER: 1299612.0

[SETTLED] 3bf48a7f-d006-4e4d-a4ab-d1a0b0d26fc7

=== BALANCES ===
SENDER  : 1699988.0
RECEIVER: 1299862.0

[SETTLED] 6fc016cf-576a-45a5-9669-c4f4e00b1539

=== BALANCES ===
SENDER  : 1699738.0
RECEIVER: 1300112.0

[SETTLED] 6dc54550-55b3-4051-896e-301e638a9cdd

=== BALANCES ===
SENDER  : 1699488.0
RECEIVER: 1300362.0

[SETTLED] 3c758a5e-bade-4fc4-84bc-56c51ccf5d1d

=== BALANCES ===
SENDER  : 1699238.0
RECEIVER: 1300612.0

[SETTLED] 3e2e3af3-e81d-412f-92fb-49d931f8e7e9

=== BALANCES ===
SENDER  : 1698988.0
RECEIVER: 1300862.0

[SETTLED] 2c94a23d-6769-4afd-8aa2-2ed50bb49b59

=== BALANCES ===
SENDER  : 1698738.0
RECEIVER: 1301112.0

[SETTLED] b0787947-974c-4aea-8cde-54ed3e8a4e03

=== BALANCES ===
SENDER  : 1698488.0
RECEIVER: 1301362.0

[SETTLED] 280e20cd-5165-4f85-b24b-6620acbf2681

=== BALANCES ===
SENDER  : 1698238.0
RECEIVER: 1301612.0

[SETTLED] 91db59a1-931a-46d0-902e-e5d225e7f7a5

=== BALANCES ===
SENDER  : 1697988.0
RECEIVER: 1301862.0

[SETTLED] c0f458d9-8959-45f2-af87-047c7057cf5c

=== BALANCES ===
SENDER  : 1697738.0
RECEIVER: 1302112.0

[SETTLED] 43b2be7f-7d91-4e31-86de-f79996e652ea

=== BALANCES ===
SENDER  : 1697488.0
RECEIVER: 1302362.0

[SETTLED] 52c322bd-dfc5-4c37-a6d1-acd0cd269142

=== BALANCES ===
SENDER  : 1697238.0
RECEIVER: 1302612.0

[SETTLED] f2d9412e-bfdc-4899-9bfb-6fee2150ecb1

=== BALANCES ===
SENDER  : 1696988.0
RECEIVER: 1302862.0

[SETTLED] 2c55dc81-14f7-4771-a075-799bd33aa919

=== BALANCES ===
SENDER  : 1696738.0
RECEIVER: 1303112.0

[SETTLED] af3a411e-60c2-40b1-bafa-4123dab86a86

=== BALANCES ===
SENDER  : 1696488.0
RECEIVER: 1303362.0

[SETTLED] 563d7fe8-5b9a-42f8-afa5-0d76712bb210

=== BALANCES ===
SENDER  : 1696238.0
RECEIVER: 1303612.0

[SETTLED] 427c1b06-3f87-40d2-bceb-8da1cfcba8f4

=== BALANCES ===
SENDER  : 1695988.0
RECEIVER: 1303862.0

[SETTLED] e99090d1-36f0-4267-af86-f89168ec5c09

=== BALANCES ===
SENDER  : 1695738.0
RECEIVER: 1304112.0

[SETTLED] 0f055cf0-6607-4920-beca-f1398e9e77bd

=== BALANCES ===
SENDER  : 1695488.0
RECEIVER: 1304362.0

[SETTLED] 06f76d17-ab87-42d7-b057-9da1e702d082

=== BALANCES ===
SENDER  : 1695238.0
RECEIVER: 1304612.0

[SETTLED] 3e28e075-e77a-4da2-9e7a-b5c6c998ffb7

=== BALANCES ===
SENDER  : 1694988.0
RECEIVER: 1304862.0

[SETTLED] ee927bf5-baff-4d2f-9958-cae6f9a1eecb

=== BALANCES ===
SENDER  : 1694738.0
RECEIVER: 1305112.0

[SETTLED] ea653a48-52af-4fb0-8e3b-c068a00c7133

=== BALANCES ===
SENDER  : 1694488.0
RECEIVER: 1305362.0

[SETTLED] 5ff0810b-3cb6-4b41-b66d-1b410152ca7b

=== BALANCES ===
SENDER  : 1694238.0
RECEIVER: 1305612.0

[SETTLED] 54bb1ea4-9d6a-4025-b58f-fe61c58e65ac

=== BALANCES ===
SENDER  : 1693988.0
RECEIVER: 1305862.0

[SETTLED] 72aa1c42-2746-40b5-b9e9-e2e3e48a6925

=== BALANCES ===
SENDER  : 1693738.0
RECEIVER: 1306112.0

[SETTLED] 8d4b1144-1e82-44c0-ab3d-412ab276be96

=== BALANCES ===
SENDER  : 1693488.0
RECEIVER: 1306362.0

[SETTLED] 6706da7f-2192-4a95-b588-a5a608baf5cf

=== BALANCES ===
SENDER  : 1693238.0
RECEIVER: 1306612.0

[SETTLED] ee397e58-13d3-4e87-af3b-ee6f54f527a7

=== BALANCES ===
SENDER  : 1692988.0
RECEIVER: 1306862.0

[SETTLED] 47ac2d39-a351-4563-8d2b-d8b0b0182563

=== BALANCES ===
SENDER  : 1692738.0
RECEIVER: 1307112.0

[SETTLED] 68250591-b135-4708-9cc6-fc61266147c8

=== BALANCES ===
SENDER  : 1692488.0
RECEIVER: 1307362.0

[SETTLED] 17af930a-5570-412a-b0b0-b8c5320394d1

=== BALANCES ===
SENDER  : 1692238.0
RECEIVER: 1307612.0

[SETTLED] 40443a08-34ed-4ec8-b6e8-9238fee828b1

=== BALANCES ===
SENDER  : 1691988.0
RECEIVER: 1307862.0

[SETTLED] 86dda5e3-e9f0-4408-86d2-6e21b9160861

=== BALANCES ===
SENDER  : 1691738.0
RECEIVER: 1308112.0

[SETTLED] 98f1813f-a143-4a12-886a-e96a9c0cc11c

=== BALANCES ===
SENDER  : 1691488.0
RECEIVER: 1308362.0

[SETTLED] a4034f7d-acb7-4657-a115-bbd056a24d13

=== BALANCES ===
SENDER  : 1691238.0
RECEIVER: 1308612.0

[SETTLED] d9870394-97ff-483b-861a-4eac8ec10edf

=== BALANCES ===
SENDER  : 1690988.0
RECEIVER: 1308862.0

[SETTLED] 413953d5-9cd0-4e74-8391-08325a5d457a

=== BALANCES ===
SENDER  : 1690738.0
RECEIVER: 1309112.0

[SETTLED] 02a644e0-ef73-4292-9795-167c8ba992c7

=== BALANCES ===
SENDER  : 1690488.0
RECEIVER: 1309362.0

[SETTLED] cc1c1521-544d-43b0-87fb-900f46c2ae07

=== BALANCES ===
SENDER  : 1690238.0
RECEIVER: 1309612.0

[SETTLED] 824ab6d3-e94a-4cea-b20c-8584a2b701a4

=== BALANCES ===
SENDER  : 1689988.0
RECEIVER: 1309862.0

[SETTLED] 85935960-40fc-45be-8a73-970bd051305a

=== BALANCES ===
SENDER  : 1689738.0
RECEIVER: 1310112.0

[SETTLED] c6859218-96d9-498b-ab9b-afe9a1252303

=== BALANCES ===
SENDER  : 1689488.0
RECEIVER: 1310362.0

[SETTLED] b40828e0-7759-493a-97f5-e31f4430dfb6

=== BALANCES ===
SENDER  : 1689238.0
RECEIVER: 1310612.0

[SETTLED] 632cd0c3-6b79-4491-9a64-b331952de969

=== BALANCES ===
SENDER  : 1688988.0
RECEIVER: 1310862.0

[SETTLED] f1cbd92e-f3cb-46a1-bf2a-00ca02ece702

=== BALANCES ===
SENDER  : 1688738.0
RECEIVER: 1311112.0

[SETTLED] 83801123-fd1c-41ce-95ee-5abd979d719b

=== BALANCES ===
SENDER  : 1688488.0
RECEIVER: 1311362.0

[SETTLED] 4477a0f1-ebfe-4a99-bab6-901af80c3a92

=== BALANCES ===
SENDER  : 1688238.0
RECEIVER: 1311612.0

[SETTLED] 2b7e897a-1be5-4683-abc8-5f9c7fe3c907

=== BALANCES ===
SENDER  : 1687988.0
RECEIVER: 1311862.0

[SETTLED] 458f7be8-696c-45de-8379-e6a7fca865f1

=== BALANCES ===
SENDER  : 1687738.0
RECEIVER: 1312112.0

[SETTLED] 0285dfad-c952-4bc7-ae40-0559513a1177

=== BALANCES ===
SENDER  : 1687488.0
RECEIVER: 1312362.0

[SETTLED] 7996ed6c-02db-4939-9a71-ba15f8b99cf3

=== BALANCES ===
SENDER  : 1687238.0
RECEIVER: 1312612.0

[SETTLED] 96e5ae67-a716-4baa-b939-8544f5f24d71

=== BALANCES ===
SENDER  : 1686988.0
RECEIVER: 1312862.0

[SETTLED] 203e21c6-0abb-4967-aa8b-c32fe6805fbc

=== BALANCES ===
SENDER  : 1686738.0
RECEIVER: 1313112.0

[SETTLED] d2ec2762-7290-441d-ab00-a0e7b68226f3

=== BALANCES ===
SENDER  : 1686488.0
RECEIVER: 1313362.0

[SETTLED] 3ae253e1-e83b-4435-ad42-4f34bf47a3c8

=== BALANCES ===
SENDER  : 1686238.0
RECEIVER: 1313612.0

[SETTLED] dd569191-719b-4a6c-bbd4-e0be73965969

=== BALANCES ===
SENDER  : 1685988.0
RECEIVER: 1313862.0

[SETTLED] 76a0fa05-f4f9-4ac4-802d-8143a0976dbe

=== BALANCES ===
SENDER  : 1685738.0
RECEIVER: 1314112.0

[SETTLED] b13b827f-ee14-4006-851c-1f4c7f83df7f

=== BALANCES ===
SENDER  : 1685488.0
RECEIVER: 1314362.0

[SETTLED] f8e58dbc-2c9f-4a04-9f6b-09462d24cbc1

=== BALANCES ===
SENDER  : 1685238.0
RECEIVER: 1314612.0

[SETTLED] 1731a1f3-bd84-4ac2-87a0-e083f66b1391

=== BALANCES ===
SENDER  : 1684988.0
RECEIVER: 1314862.0

[SETTLED] 1297769f-eed3-4e1f-a060-c42fa80c60eb

=== BALANCES ===
SENDER  : 1684738.0
RECEIVER: 1315112.0

[SETTLED] 50690744-ad8d-44fd-aabb-5a399639c859

=== BALANCES ===
SENDER  : 1684488.0
RECEIVER: 1315362.0

[SETTLED] 8e0be520-f113-4611-aebc-ea814b846678

=== BALANCES ===
SENDER  : 1684238.0
RECEIVER: 1315612.0

[SETTLED] f82d6ec9-e975-429c-9bad-fa045fa27598

=== BALANCES ===
SENDER  : 1683988.0
RECEIVER: 1315862.0

[SETTLED] af4d8c7d-d9a0-41bb-9c2b-46b896396476

=== BALANCES ===
SENDER  : 1683738.0
RECEIVER: 1316112.0

[SETTLED] a0ca1a2f-e564-4959-9b4e-16f2c667d298

=== BALANCES ===
SENDER  : 1683488.0
RECEIVER: 1316362.0

[SETTLED] c552c5e5-c2ab-4f3c-acc3-8d8bf62b33f8

=== BALANCES ===
SENDER  : 1683238.0
RECEIVER: 1316612.0

[SETTLED] fed23cb4-2575-4e08-8f7b-09c32f3795c0

=== BALANCES ===
SENDER  : 1682988.0
RECEIVER: 1316862.0

[SETTLED] a0994ae9-bfce-4dfc-b1ad-8f4ac87f5ff0

=== BALANCES ===
SENDER  : 1682738.0
RECEIVER: 1317112.0

[SETTLED] c353d4a3-d4dc-4f55-8ec9-02a27dc2f91c

=== BALANCES ===
SENDER  : 1682488.0
RECEIVER: 1317362.0

[SETTLED] 4e412842-454c-4b4f-b13b-ad87bf2d542f

=== BALANCES ===
SENDER  : 1682238.0
RECEIVER: 1317612.0

[SETTLED] bf65eb71-cafb-4f53-9d29-b9b5543c60e3

=== BALANCES ===
SENDER  : 1681988.0
RECEIVER: 1317862.0

[SETTLED] ad483f44-aa66-4c65-b37b-b4811b62cfd5

=== BALANCES ===
SENDER  : 1681738.0
RECEIVER: 1318112.0

[SETTLED] 81f0901b-3b70-410b-8e09-64b10e2c98e1

=== BALANCES ===
SENDER  : 1681488.0
RECEIVER: 1318362.0

[SETTLED] 2ec9a969-0ca2-41ce-ab3d-7d42109a704d

=== BALANCES ===
SENDER  : 1681238.0
RECEIVER: 1318612.0

[SETTLED] 9a1f8f0c-ea20-46a2-b504-b0c3ae63c49f

=== BALANCES ===
SENDER  : 1680988.0
RECEIVER: 1318862.0

[SETTLED] a943d85f-45d6-4dea-97b8-e4e41cc16b15

=== BALANCES ===
SENDER  : 1680738.0
RECEIVER: 1319112.0

[SETTLED] 5bbb9385-2357-45d8-82a6-015985c9e7fb

=== BALANCES ===
SENDER  : 1680488.0
RECEIVER: 1319362.0

[SETTLED] 9b6b5f06-2e94-4465-a042-ad0a01cde217

=== BALANCES ===
SENDER  : 1680238.0
RECEIVER: 1319612.0

[SETTLED] a7244c41-714d-4052-b548-4fff304697c2

=== BALANCES ===
SENDER  : 1679988.0
RECEIVER: 1319862.0

[SETTLED] cf713124-0c0c-4ca9-add1-090c6b841494

=== BALANCES ===
SENDER  : 1679738.0
RECEIVER: 1320112.0

[SETTLED] e1129109-2451-4146-a1a5-dd8d28a7cc99

=== BALANCES ===
SENDER  : 1679488.0
RECEIVER: 1320362.0

[SETTLED] 968767c2-ce19-4e4b-86a1-22567f33761a

=== BALANCES ===
SENDER  : 1679238.0
RECEIVER: 1320612.0

[SETTLED] 081b7b43-9086-4ec3-bde1-fd8bbbc75c13

=== BALANCES ===
SENDER  : 1678988.0
RECEIVER: 1320862.0

[SETTLED] 03b82b4b-04b7-4add-b716-62d7108c4d08

=== BALANCES ===
SENDER  : 1678738.0
RECEIVER: 1321112.0

[SETTLED] 1424bb13-a4af-4a26-ad34-be44c0776500

=== BALANCES ===
SENDER  : 1678488.0
RECEIVER: 1321362.0

[SETTLED] 708f93cb-f450-45eb-8857-e2a8214cd159

=== BALANCES ===
SENDER  : 1678238.0
RECEIVER: 1321612.0

[SETTLED] f16b237b-1dca-470b-ac44-84cf95a6a7df

=== BALANCES ===
SENDER  : 1677988.0
RECEIVER: 1321862.0

[SETTLED] b3bbb2fb-1461-495c-893a-0a3d1a037dfb

=== BALANCES ===
SENDER  : 1677738.0
RECEIVER: 1322112.0

[SETTLED] 56bbf65b-4418-499e-9f00-168c09782b7b

=== BALANCES ===
SENDER  : 1677488.0
RECEIVER: 1322362.0

[SETTLED] 3e1e98c7-e266-45f3-8328-6a77997ceccf

=== BALANCES ===
SENDER  : 1677238.0
RECEIVER: 1322612.0

[SETTLED] 6711c4b8-5eca-4d3f-a7c7-94a3a84e5538

=== BALANCES ===
SENDER  : 1676988.0
RECEIVER: 1322862.0

[SETTLED] 833f4b85-20ba-42f7-8c30-6705a8ebb343

=== BALANCES ===
SENDER  : 1676738.0
RECEIVER: 1323112.0

[SETTLED] c9650bee-06cb-4df9-9672-45c0c651671f

=== BALANCES ===
SENDER  : 1676488.0
RECEIVER: 1323362.0

[SETTLED] af3ce07c-6ce2-4af4-bf27-b3b89d388fc9

=== BALANCES ===
SENDER  : 1676238.0
RECEIVER: 1323612.0

[SETTLED] 7a2e69ee-9da5-4352-8dcf-3eb50c91d7bd

=== BALANCES ===
SENDER  : 1675988.0
RECEIVER: 1323862.0

[SETTLED] 100b00a1-65ec-4eb6-9868-e1c2fcc5a062

=== BALANCES ===
SENDER  : 1675738.0
RECEIVER: 1324112.0

[SETTLED] 0dc17732-c48f-40ad-a5af-30b85d45225f

=== BALANCES ===
SENDER  : 1675488.0
RECEIVER: 1324362.0

[SETTLED] a47c02be-f472-4855-87a0-0b6491f9fa70

=== BALANCES ===
SENDER  : 1675238.0
RECEIVER: 1324612.0

[SETTLED] 6b55ade4-93bb-4890-a6b3-3cfd08ce6ba5

=== BALANCES ===
SENDER  : 1674988.0
RECEIVER: 1324862.0

[SETTLED] b698d1f6-127f-44da-aa1e-12373191fea9

=== BALANCES ===
SENDER  : 1674738.0
RECEIVER: 1325112.0

[SETTLED] 707c6c21-f603-4b7a-b540-f70f0971265f

=== BALANCES ===
SENDER  : 1674488.0
RECEIVER: 1325362.0

[SETTLED] b3f608b6-2838-4228-be83-cca15c073ede

=== BALANCES ===
SENDER  : 1674238.0
RECEIVER: 1325612.0

[SETTLED] 18a69e17-c50a-4c1e-ab86-76663b060405

=== BALANCES ===
SENDER  : 1673988.0
RECEIVER: 1325862.0

[SETTLED] b9c649b8-65c7-4e36-9291-7c99182192bf

=== BALANCES ===
SENDER  : 1673738.0
RECEIVER: 1326112.0

[SETTLED] 867c9d9a-69dd-426f-89a8-da579e132c17

=== BALANCES ===
SENDER  : 1673488.0
RECEIVER: 1326362.0

[SETTLED] e22c2a1a-4bcd-46ed-904d-9e09db0ba4a0

=== BALANCES ===
SENDER  : 1673238.0
RECEIVER: 1326612.0

[SETTLED] 0f43ed09-4428-40e8-be2b-561d22771f69

=== BALANCES ===
SENDER  : 1672988.0
RECEIVER: 1326862.0

[SETTLED] 4572ff5d-b19e-4afb-98f2-71d5d0b6cf27

=== BALANCES ===
SENDER  : 1672738.0
RECEIVER: 1327112.0

[SETTLED] 30c9e152-8e82-4da7-b463-e5da439d9141

=== BALANCES ===
SENDER  : 1672488.0
RECEIVER: 1327362.0

[SETTLED] 351adace-5831-43c5-b0e8-4b1b545809cc

=== BALANCES ===
SENDER  : 1672238.0
RECEIVER: 1327612.0

[SETTLED] 102d534f-84b1-4dc5-b3a0-a0de2ceec601

=== BALANCES ===
SENDER  : 1671988.0
RECEIVER: 1327862.0

[SETTLED] 07e577d4-e3aa-4429-897f-fdf9367a1142

=== BALANCES ===
SENDER  : 1671738.0
RECEIVER: 1328112.0

[SETTLED] d4c09da2-7731-4c7c-a2db-efea1b6a91b9

=== BALANCES ===
SENDER  : 1671488.0
RECEIVER: 1328362.0

[SETTLED] 02a9253d-8411-47f0-aec5-15839b32436d

=== BALANCES ===
SENDER  : 1671238.0
RECEIVER: 1328612.0

[SETTLED] 3ade710c-51e1-4905-afa8-4210dd0306dc

=== BALANCES ===
SENDER  : 1670988.0
RECEIVER: 1328862.0

[SETTLED] ba1c0898-ee88-4053-bb59-9f3e9c381bde

=== BALANCES ===
SENDER  : 1670738.0
RECEIVER: 1329112.0

[SETTLED] 1521cc3f-f0d6-4941-963d-eba924ebaa04

=== BALANCES ===
SENDER  : 1670488.0
RECEIVER: 1329362.0

[SETTLED] 48484155-226e-4850-b11d-e519ef27ac0c

=== BALANCES ===
SENDER  : 1670238.0
RECEIVER: 1329612.0

[SETTLED] e56570d6-2b6a-41d2-858f-7e8f33eed259

=== BALANCES ===
SENDER  : 1669988.0
RECEIVER: 1329862.0

[SETTLED] 6d9573ae-bebf-49a6-b05a-85a374399c21

=== BALANCES ===
SENDER  : 1669738.0
RECEIVER: 1330112.0

[SETTLED] 04db1830-86b6-4fd2-b970-24361539da28

=== BALANCES ===
SENDER  : 1669488.0
RECEIVER: 1330362.0

[SETTLED] b9450346-f951-4226-8586-380b184f9e7a

=== BALANCES ===
SENDER  : 1669238.0
RECEIVER: 1330612.0

[SETTLED] e35f2f8c-49bb-4e33-ba46-137ae00f95df

=== BALANCES ===
SENDER  : 1668988.0
RECEIVER: 1330862.0

[SETTLED] f789bd8e-65e5-4928-8e24-a45908781fed

=== BALANCES ===
SENDER  : 1668738.0
RECEIVER: 1331112.0

[SETTLED] 9914cd7d-2f0a-425d-b2c4-8f43c799421e

=== BALANCES ===
SENDER  : 1668488.0
RECEIVER: 1331362.0

[SETTLED] 203eda1b-f143-4fb5-bb59-f1a8f155abc6

=== BALANCES ===
SENDER  : 1668238.0
RECEIVER: 1331612.0

[SETTLED] b91cfc17-31d7-4344-93a6-3359a7cf1895

=== BALANCES ===
SENDER  : 1667988.0
RECEIVER: 1331862.0

[SETTLED] ac510764-40a0-44b5-bd8d-edbf28a3d56b

=== BALANCES ===
SENDER  : 1667738.0
RECEIVER: 1332112.0

[SETTLED] 060b9bdf-2bad-45fb-bded-31749c4bac4c

=== BALANCES ===
SENDER  : 1667488.0
RECEIVER: 1332362.0

[SETTLED] a9e7c9d8-e066-424e-98a9-196dac5d9bc2

=== BALANCES ===
SENDER  : 1667238.0
RECEIVER: 1332612.0

[SETTLED] 7531e0a7-cc00-435a-90b2-db067e842c91

=== BALANCES ===
SENDER  : 1666988.0
RECEIVER: 1332862.0

[SETTLED] 643742fc-ddd4-4ec6-9ca6-15627168f3d6

=== BALANCES ===
SENDER  : 1666738.0
RECEIVER: 1333112.0

[SETTLED] 648c4ebd-689c-4e35-b032-a493a0937499

=== BALANCES ===
SENDER  : 1666488.0
RECEIVER: 1333362.0

[SETTLED] 3f227e30-dd03-446a-a114-91cebde33e22

=== BALANCES ===
SENDER  : 1666238.0
RECEIVER: 1333612.0

[SETTLED] 5cc6d165-58b8-42bc-bf69-9f3a7b1f3cc9

=== BALANCES ===
SENDER  : 1665988.0
RECEIVER: 1333862.0

[SETTLED] b8794d0c-4e98-438e-9dbd-d34532e346fe

=== BALANCES ===
SENDER  : 1665738.0
RECEIVER: 1334112.0

[SETTLED] 92ea55eb-1805-4f47-b657-25a33b4058fd

=== BALANCES ===
SENDER  : 1665488.0
RECEIVER: 1334362.0

[SETTLED] 758f9e85-a6d1-4f21-b17c-c16d0f23a055

=== BALANCES ===
SENDER  : 1665238.0
RECEIVER: 1334612.0

[SETTLED] 6e253e71-fb0b-48d4-9d83-4ff54bccad18

=== BALANCES ===
SENDER  : 1664988.0
RECEIVER: 1334862.0

[SETTLED] e246b005-e80f-4acc-93d6-434facbeb9fc

=== BALANCES ===
SENDER  : 1664738.0
RECEIVER: 1335112.0

[SETTLED] 53d84f62-66af-451c-992b-028c17b4a032

=== BALANCES ===
SENDER  : 1664488.0
RECEIVER: 1335362.0

[SETTLED] 88ec5b39-e4a1-4118-b866-e569cfceee24

=== BALANCES ===
SENDER  : 1664238.0
RECEIVER: 1335612.0

[SETTLED] 3b07257f-35b4-4cf9-be9b-e08f6c7392df

=== BALANCES ===
SENDER  : 1663988.0
RECEIVER: 1335862.0

[SETTLED] fec75161-3fde-4fc1-836f-2e2ee12c10b8

=== BALANCES ===
SENDER  : 1663738.0
RECEIVER: 1336112.0

[SETTLED] 840929f4-c054-44f8-aa22-af34a329fc0f

=== BALANCES ===
SENDER  : 1663488.0
RECEIVER: 1336362.0

[SETTLED] bb1b90c9-d59c-45dd-8713-472aae7383c9

=== BALANCES ===
SENDER  : 1663238.0
RECEIVER: 1336612.0

[SETTLED] 001a4f1c-847b-4cdb-b44e-cd4114b8de94

=== BALANCES ===
SENDER  : 1662988.0
RECEIVER: 1336862.0

[SETTLED] 3c9a2416-8a4f-4dfe-b812-672536fcbc65

=== BALANCES ===
SENDER  : 1662738.0
RECEIVER: 1337112.0

[SETTLED] ba5146da-b654-4e1c-b76e-733d6bbb5a9a

=== BALANCES ===
SENDER  : 1662488.0
RECEIVER: 1337362.0

[SETTLED] acc2ea2e-3bd9-4545-85a6-87d8c7846477

=== BALANCES ===
SENDER  : 1662238.0
RECEIVER: 1337612.0

[SETTLED] 3adad657-f9be-46f4-9246-54f025fa61fb

=== BALANCES ===
SENDER  : 1661988.0
RECEIVER: 1337862.0

[SETTLED] b58067d3-5b9d-47a2-89bc-035ec8fa1b34

=== BALANCES ===
SENDER  : 1661738.0
RECEIVER: 1338112.0

[SETTLED] fd6588d9-5556-425f-a500-9fe237ec4968

=== BALANCES ===
SENDER  : 1661488.0
RECEIVER: 1338362.0

[SETTLED] 640056c2-29d1-4b05-9f28-e58ed55f02f8

=== BALANCES ===
SENDER  : 1661238.0
RECEIVER: 1338612.0

[SETTLED] da649640-dc6c-47d8-b405-4efb4d90e856

=== BALANCES ===
SENDER  : 1660988.0
RECEIVER: 1338862.0

[SETTLED] 2fdfc7d1-c4e9-4d86-abd4-b3f94f26a3c7

=== BALANCES ===
SENDER  : 1660738.0
RECEIVER: 1339112.0

[SETTLED] 64d9df05-05e8-4787-8fea-9d8d0f803625

=== BALANCES ===
SENDER  : 1660488.0
RECEIVER: 1339362.0

[SETTLED] f49cf976-0aad-45ce-866d-33c43ed396f1

=== BALANCES ===
SENDER  : 1660238.0
RECEIVER: 1339612.0

[SETTLED] b09bebb1-1a7c-46d9-b16b-8c0914e867c1

=== BALANCES ===
SENDER  : 1659988.0
RECEIVER: 1339862.0

[SETTLED] d15b2031-e2bf-4ef6-b51e-2f046883eda7

=== BALANCES ===
SENDER  : 1659738.0
RECEIVER: 1340112.0

[SETTLED] 85226a61-947b-48a4-abec-b49b66860326

=== BALANCES ===
SENDER  : 1659488.0
RECEIVER: 1340362.0

[SETTLED] fea08078-ed9d-4188-becd-4b7b85303c28

=== BALANCES ===
SENDER  : 1659238.0
RECEIVER: 1340612.0

[SETTLED] 92d597ab-7361-4518-bc73-c38b93ae47ac

=== BALANCES ===
SENDER  : 1658988.0
RECEIVER: 1340862.0

[SETTLED] 67ae4580-c9dc-41af-afcc-e12a7f429c53

=== BALANCES ===
SENDER  : 1658738.0
RECEIVER: 1341112.0

[SETTLED] df4a170c-ebd5-46f2-bf5e-4f6dd90479ec

=== BALANCES ===
SENDER  : 1658488.0
RECEIVER: 1341362.0

[SETTLED] 044b2ebb-1133-40ac-9b72-fdd55f321645

=== BALANCES ===
SENDER  : 1658238.0
RECEIVER: 1341612.0

[SETTLED] c6ac849a-acef-4744-99c3-8b6014376237

=== BALANCES ===
SENDER  : 1657988.0
RECEIVER: 1341862.0

[SETTLED] c0970aba-5b5d-44fe-bfd5-35f740b03511

=== BALANCES ===
SENDER  : 1657738.0
RECEIVER: 1342112.0

[SETTLED] 24c03f79-42a1-4f17-af20-e2fb919d8553

=== BALANCES ===
SENDER  : 1657488.0
RECEIVER: 1342362.0

[SETTLED] abd1e2e3-4ff2-4c24-b624-8eae4c1c9162

=== BALANCES ===
SENDER  : 1657238.0
RECEIVER: 1342612.0

[SETTLED] f16b5291-2b6b-41fe-96aa-d1846e1552a5

=== BALANCES ===
SENDER  : 1656988.0
RECEIVER: 1342862.0

[SETTLED] 4e7a9ccc-bbb3-4509-8ca3-11a0e4032093

=== BALANCES ===
SENDER  : 1656738.0
RECEIVER: 1343112.0

[SETTLED] c031660b-5563-4f40-991a-1d242756edcf

=== BALANCES ===
SENDER  : 1656488.0
RECEIVER: 1343362.0

[SETTLED] d2c176d2-62b5-4035-ae3e-07c8a8ee7657

=== BALANCES ===
SENDER  : 1656238.0
RECEIVER: 1343612.0

[SETTLED] 39328037-d180-40ca-b702-a57b5201d055

=== BALANCES ===
SENDER  : 1655988.0
RECEIVER: 1343862.0

[SETTLED] 2f40d4f1-6f7f-457c-b2d0-4812d3360009

=== BALANCES ===
SENDER  : 1655738.0
RECEIVER: 1344112.0

[SETTLED] 7e2cd0b4-b007-470b-931e-601b83320cda

=== BALANCES ===
SENDER  : 1655488.0
RECEIVER: 1344362.0

[SETTLED] 29f2a2da-36f8-4d93-9a06-79a5450a149f

=== BALANCES ===
SENDER  : 1655238.0
RECEIVER: 1344612.0

[SETTLED] 05505141-987b-4ad1-8378-03f9ea7538cc

=== BALANCES ===
SENDER  : 1654988.0
RECEIVER: 1344862.0

[SETTLED] c2f12d92-9d90-42ad-b02f-728deb4fea27

=== BALANCES ===
SENDER  : 1654738.0
RECEIVER: 1345112.0

[SETTLED] 085859a8-0c0b-42e1-83be-4bc474b36068

=== BALANCES ===
SENDER  : 1654488.0
RECEIVER: 1345362.0

[SETTLED] f084b9bf-97f4-4272-80d4-c32a3d384933

=== BALANCES ===
SENDER  : 1654238.0
RECEIVER: 1345612.0

[SETTLED] 6b761a0a-b953-4131-babc-97c2b22fd616

=== BALANCES ===
SENDER  : 1653988.0
RECEIVER: 1345862.0

[SETTLED] 5713e2e0-e9ef-4874-bca0-d8e293360b58

=== BALANCES ===
SENDER  : 1653738.0
RECEIVER: 1346112.0

[SETTLED] 0b3f2205-9062-4014-bb59-68f466de8492

=== BALANCES ===
SENDER  : 1653488.0
RECEIVER: 1346362.0

[SETTLED] 6061f875-b92e-4e14-917c-5c006e8bad02

=== BALANCES ===
SENDER  : 1653238.0
RECEIVER: 1346612.0

[SETTLED] cc8054d5-78f4-41ed-9336-e5547745ee69

=== BALANCES ===
SENDER  : 1652988.0
RECEIVER: 1346862.0

[SETTLED] 23227232-3bd7-4bb7-abce-782dacbbdd08

=== BALANCES ===
SENDER  : 1652738.0
RECEIVER: 1347112.0

[SETTLED] ba90f101-d40c-4464-a77c-e5f13a512a57

=== BALANCES ===
SENDER  : 1652488.0
RECEIVER: 1347362.0

[SETTLED] 6c22f407-65be-4dc8-8f7f-bcae62388c0b

=== BALANCES ===
SENDER  : 1652238.0
RECEIVER: 1347612.0

[SETTLED] 91f4d4ee-a7f4-40ab-bedf-7cc7c490b18a

=== BALANCES ===
SENDER  : 1651988.0
RECEIVER: 1347862.0

[SETTLED] 9bc8d0f3-b535-4cd7-94b4-d3e3bfa196fb

=== BALANCES ===
SENDER  : 1651738.0
RECEIVER: 1348112.0

[SETTLED] 9449ec2b-88a3-4873-ba53-4b71234b4c3f

=== BALANCES ===
SENDER  : 1651488.0
RECEIVER: 1348362.0

[SETTLED] c9a45c3f-76a3-4570-b479-05b127a40537

=== BALANCES ===
SENDER  : 1651238.0
RECEIVER: 1348612.0

[SETTLED] 5d3113d7-163d-4461-9211-6961bfaa4695

=== BALANCES ===
SENDER  : 1650988.0
RECEIVER: 1348862.0

[SETTLED] 34806689-b5fd-4901-b8a2-8c35ced200f7

=== BALANCES ===
SENDER  : 1650738.0
RECEIVER: 1349112.0

[SETTLED] 20056893-599d-4038-acfd-f6f6814100b6

=== BALANCES ===
SENDER  : 1650488.0
RECEIVER: 1349362.0

[SETTLED] 61bc73ff-19ec-44e2-8584-80bf4eeab0f1

=== BALANCES ===
SENDER  : 1650238.0
RECEIVER: 1349612.0

[SETTLED] 79e08356-cc6c-4e5a-acb3-1e3b9ba7c80d

=== BALANCES ===
SENDER  : 1649988.0
RECEIVER: 1349862.0

[SETTLED] eb639023-49d3-4be0-939a-0f4a6342a35b

=== BALANCES ===
SENDER  : 1649738.0
RECEIVER: 1350112.0

[SETTLED] 03aa6885-0885-4e87-8041-0c6fec5dd79e

=== BALANCES ===
SENDER  : 1649488.0
RECEIVER: 1350362.0

[SETTLED] 93bb8148-c279-4265-8461-2573bf36a1e9

=== BALANCES ===
SENDER  : 1649238.0
RECEIVER: 1350612.0

[SETTLED] 9bbcda01-6a34-4fda-9db7-01901a0a1426

=== BALANCES ===
SENDER  : 1648988.0
RECEIVER: 1350862.0

[SETTLED] 6db168d3-eb15-4d86-8c29-16f000552787

=== BALANCES ===
SENDER  : 1648738.0
RECEIVER: 1351112.0

[SETTLED] 6a6db5b3-14d5-498d-9dac-0c699e0ae8a9

=== BALANCES ===
SENDER  : 1648488.0
RECEIVER: 1351362.0

[SETTLED] 93677199-69c2-4bd7-9e47-c0c2780c3dc8

=== BALANCES ===
SENDER  : 1648238.0
RECEIVER: 1351612.0

[SETTLED] d42e82c1-55df-4d9e-84e0-f197f06dadcd

=== BALANCES ===
SENDER  : 1647988.0
RECEIVER: 1351862.0

[SETTLED] a650449b-cc6a-4c52-a359-a22adec96c46

=== BALANCES ===
SENDER  : 1647738.0
RECEIVER: 1352112.0

[SETTLED] 86c70562-bca2-402f-9b63-0faf8f195391

=== BALANCES ===
SENDER  : 1647488.0
RECEIVER: 1352362.0

[SETTLED] 7cac4645-a23f-4ba0-998a-4f879efb4491

=== BALANCES ===
SENDER  : 1647238.0
RECEIVER: 1352612.0

[SETTLED] 1abeebb9-4869-45a0-a581-31c3934ac83c

=== BALANCES ===
SENDER  : 1646988.0
RECEIVER: 1352862.0

[SETTLED] 23a3ae64-ee1e-4c31-81ff-5b6ccbb52fe9

=== BALANCES ===
SENDER  : 1646738.0
RECEIVER: 1353112.0

[SETTLED] 212f645f-da76-49b9-af14-2c9b41e419c8

=== BALANCES ===
SENDER  : 1646488.0
RECEIVER: 1353362.0

[SETTLED] f566abf4-b396-48a8-b516-6e605b5d18a8

=== BALANCES ===
SENDER  : 1646238.0
RECEIVER: 1353612.0

[SETTLED] fd2f0a77-714c-4ccc-98b2-e7a419c09fcd

=== BALANCES ===
SENDER  : 1645988.0
RECEIVER: 1353862.0

[SETTLED] 88d33a50-0523-4c6e-a739-8aa301a12695

=== BALANCES ===
SENDER  : 1645738.0
RECEIVER: 1354112.0

[SETTLED] d95c0f26-0081-4798-a8af-4e64c784b637

=== BALANCES ===
SENDER  : 1645488.0
RECEIVER: 1354362.0

[SETTLED] 81efb0ec-fa70-4b45-9683-91e130c8ccea

=== BALANCES ===
SENDER  : 1645238.0
RECEIVER: 1354612.0

[SETTLED] 432bd221-7720-4956-a8a1-181ddd2b425a

=== BALANCES ===
SENDER  : 1644988.0
RECEIVER: 1354862.0

[SETTLED] 2842ae07-38e7-4565-8a0b-5e64a4a0b8e0

=== BALANCES ===
SENDER  : 1644738.0
RECEIVER: 1355112.0

[SETTLED] b7465b34-7594-401f-99de-cc760e1d3735

=== BALANCES ===
SENDER  : 1644488.0
RECEIVER: 1355362.0

[SETTLED] 04d1aa8b-245e-4285-9f2b-7a44c4708332

=== BALANCES ===
SENDER  : 1644238.0
RECEIVER: 1355612.0

[SETTLED] c5e788fc-ec8a-496b-8198-baa80ad3ea11

=== BALANCES ===
SENDER  : 1643988.0
RECEIVER: 1355862.0

[SETTLED] 81718bfd-af0c-4be6-8da0-c6bf521ebbe1

=== BALANCES ===
SENDER  : 1643738.0
RECEIVER: 1356112.0

[SETTLED] 4b71b33d-b6b0-4190-9a56-68d8ecc4323e

=== BALANCES ===
SENDER  : 1643488.0
RECEIVER: 1356362.0

[SETTLED] 7684f50c-410e-4d4a-b85a-a79b4960c83b

=== BALANCES ===
SENDER  : 1643238.0
RECEIVER: 1356612.0

[SETTLED] 70af656c-5126-4264-b9e6-65c4d5da6097

=== BALANCES ===
SENDER  : 1642988.0
RECEIVER: 1356862.0

[SETTLED] 21c0de5b-3fa8-46b1-ab11-25eff27a5975

=== BALANCES ===
SENDER  : 1642738.0
RECEIVER: 1357112.0

[SETTLED] 4351d7c1-66e8-4b7a-a2c0-935ec933f485

=== BALANCES ===
SENDER  : 1642488.0
RECEIVER: 1357362.0

[SETTLED] 193bc082-9e29-485f-b6aa-c2a9a370db89

=== BALANCES ===
SENDER  : 1642238.0
RECEIVER: 1357612.0

[SETTLED] 3986c9b3-e380-4b13-8779-f7e9a7190d07

=== BALANCES ===
SENDER  : 1641988.0
RECEIVER: 1357862.0

[SETTLED] 61619221-912c-484d-bb8b-12ef0a3e1e00

=== BALANCES ===
SENDER  : 1641738.0
RECEIVER: 1358112.0

[SETTLED] 0cfd1c6e-4d17-4658-91c5-06d0f32072b1

=== BALANCES ===
SENDER  : 1641488.0
RECEIVER: 1358362.0

[SETTLED] 182de63a-d835-4def-9d9f-cbfbc35df99a

=== BALANCES ===
SENDER  : 1641238.0
RECEIVER: 1358612.0

[SETTLED] 1bf4f783-3baf-4a4f-948f-12d52959370b

=== BALANCES ===
SENDER  : 1640988.0
RECEIVER: 1358862.0

[SETTLED] 5aacd033-571c-49e4-b820-4b0b41d3481e

=== BALANCES ===
SENDER  : 1640738.0
RECEIVER: 1359112.0

[SETTLED] 97bb2687-3a1d-4ea8-8782-bbbe5b849379

=== BALANCES ===
SENDER  : 1640488.0
RECEIVER: 1359362.0

[SETTLED] f9e575df-95cf-42f7-b2a1-99b2abd4f079

=== BALANCES ===
SENDER  : 1640238.0
RECEIVER: 1359612.0

[SETTLED] 935c13b2-8596-4256-8ae8-47bf6ba7cc66

=== BALANCES ===
SENDER  : 1639988.0
RECEIVER: 1359862.0

[SETTLED] d2647128-431e-44b8-a635-dcfa24811dc4

=== BALANCES ===
SENDER  : 1639738.0
RECEIVER: 1360112.0

[SETTLED] d9aa13f2-c744-4264-bd89-f92f18a4e1f3

=== BALANCES ===
SENDER  : 1639488.0
RECEIVER: 1360362.0

[SETTLED] dda98592-4283-4c70-bb79-7a2812983e8a

=== BALANCES ===
SENDER  : 1639238.0
RECEIVER: 1360612.0

[SETTLED] df9a9007-baa6-49a9-80c0-45512987abdc

=== BALANCES ===
SENDER  : 1638988.0
RECEIVER: 1360862.0

[SETTLED] 74b2e78c-b651-4673-ab4f-e48872687001

=== BALANCES ===
SENDER  : 1638738.0
RECEIVER: 1361112.0

[SETTLED] 04986b72-8dd2-489e-a47f-af75800aa24c

=== BALANCES ===
SENDER  : 1638488.0
RECEIVER: 1361362.0

[SETTLED] 2f442c2c-9447-4788-a81d-589388325bef

=== BALANCES ===
SENDER  : 1638238.0
RECEIVER: 1361612.0

[SETTLED] 57973b73-e1be-4b2e-952e-f89bcf264754

=== BALANCES ===
SENDER  : 1637988.0
RECEIVER: 1361862.0

[SETTLED] fbc2490a-6ade-4b73-b156-0b2645facc6b

=== BALANCES ===
SENDER  : 1637738.0
RECEIVER: 1362112.0

[SETTLED] a5ed5ab8-877f-4045-bb59-d72baa54740e

=== BALANCES ===
SENDER  : 1637488.0
RECEIVER: 1362362.0

[SETTLED] e4d55d09-acbc-4750-af00-4dcf77dac953

=== BALANCES ===
SENDER  : 1637238.0
RECEIVER: 1362612.0

[SETTLED] 83d3d028-ca44-499e-8c7f-65895d65e4b8

=== BALANCES ===
SENDER  : 1636988.0
RECEIVER: 1362862.0

[SETTLED] 7cb2f2b5-de2c-4fc9-a286-ed7b7b465bde

=== BALANCES ===
SENDER  : 1636738.0
RECEIVER: 1363112.0

[SETTLED] 4e33ee01-7e65-4f87-b3d6-6b445fa1adca

=== BALANCES ===
SENDER  : 1636488.0
RECEIVER: 1363362.0

[SETTLED] 19d7678f-1dd0-426c-a98c-819495b48468

=== BALANCES ===
SENDER  : 1636238.0
RECEIVER: 1363612.0

[SETTLED] 17abdcc5-0e5d-4c70-b184-1ccfae203c47

=== BALANCES ===
SENDER  : 1635988.0
RECEIVER: 1363862.0

[SETTLED] 1cfeac8e-cc66-44fc-ae42-f2e2c034647b

=== BALANCES ===
SENDER  : 1635738.0
RECEIVER: 1364112.0

[SETTLED] 2aa2585f-9b26-408d-bc61-a03aac466b0b

=== BALANCES ===
SENDER  : 1635488.0
RECEIVER: 1364362.0

[SETTLED] 38b7e098-b4dc-431b-8daa-a6f9c5f5af53

=== BALANCES ===
SENDER  : 1635238.0
RECEIVER: 1364612.0

[SETTLED] a906c311-c580-48dd-8663-1c8abe124e4d

=== BALANCES ===
SENDER  : 1634988.0
RECEIVER: 1364862.0

[SETTLED] 869d8564-c622-436d-b2f2-cde724cb69aa

=== BALANCES ===
SENDER  : 1634738.0
RECEIVER: 1365112.0

[SETTLED] 77963fca-5bb4-4fda-8633-5d869ed442fe

=== BALANCES ===
SENDER  : 1634488.0
RECEIVER: 1365362.0

[SETTLED] c5f1992f-c8e8-46a8-a854-6f46e16af320

=== BALANCES ===
SENDER  : 1634238.0
RECEIVER: 1365612.0

[SETTLED] 10dbaa91-6fd8-4bae-8787-ee24ab8fd184

=== BALANCES ===
SENDER  : 1633988.0
RECEIVER: 1365862.0

[SETTLED] 7524196a-21ba-466e-b624-dbf841697338

=== BALANCES ===
SENDER  : 1633738.0
RECEIVER: 1366112.0

[SETTLED] b1e5fadb-dde9-433a-93e5-356a72429d8f

=== BALANCES ===
SENDER  : 1633488.0
RECEIVER: 1366362.0

[SETTLED] 5f013d18-257e-4238-88d1-e4a2fee8c980

=== BALANCES ===
SENDER  : 1633238.0
RECEIVER: 1366612.0

[SETTLED] 407621dc-0e6b-474f-82d8-20d7305451c7

=== BALANCES ===
SENDER  : 1632988.0
RECEIVER: 1366862.0

[SETTLED] 42b44265-3f73-488a-bd36-089aa686979c

=== BALANCES ===
SENDER  : 1632738.0
RECEIVER: 1367112.0

[SETTLED] de242922-705b-4713-971c-3c171ae7a44a

=== BALANCES ===
SENDER  : 1632488.0
RECEIVER: 1367362.0

[SETTLED] 72464443-3a89-4e95-b13a-b1c620056150

=== BALANCES ===
SENDER  : 1632238.0
RECEIVER: 1367612.0

[SETTLED] 88ff6be3-e17c-4763-8aef-48a32e480f19

=== BALANCES ===
SENDER  : 1631988.0
RECEIVER: 1367862.0

[SETTLED] 05b45a74-da66-4b11-8675-d8ebdc2dc8b3

=== BALANCES ===
SENDER  : 1631738.0
RECEIVER: 1368112.0

[SETTLED] 493cc9d4-4fd3-40af-aef0-c49243c8cd5b

=== BALANCES ===
SENDER  : 1631488.0
RECEIVER: 1368362.0

[SETTLED] b288e774-1c92-49be-93fe-eb953ac7dddf

=== BALANCES ===
SENDER  : 1631238.0
RECEIVER: 1368612.0

[SETTLED] f6afa29a-c7d3-4489-92ff-6568aaf004f5

=== BALANCES ===
SENDER  : 1630988.0
RECEIVER: 1368862.0

[SETTLED] 9f3ec3d6-e58c-4111-b9e9-c032e9dc565b

=== BALANCES ===
SENDER  : 1630738.0
RECEIVER: 1369112.0

[SETTLED] 75d9b9b9-4dff-4948-b086-db94a60eef85

=== BALANCES ===
SENDER  : 1630488.0
RECEIVER: 1369362.0

[SETTLED] b74c3e5e-4fc8-4ab1-8fe0-51a552f2dfe0

=== BALANCES ===
SENDER  : 1630238.0
RECEIVER: 1369612.0

[SETTLED] cb091920-d080-47cf-b554-29c926c5c54c

=== BALANCES ===
SENDER  : 1629988.0
RECEIVER: 1369862.0

[SETTLED] 1895fdba-fc77-419b-a4a6-9e5182514c4a

=== BALANCES ===
SENDER  : 1629738.0
RECEIVER: 1370112.0

[SETTLED] 991e53d5-665b-4d1c-9f18-75624fe05ebd

=== BALANCES ===
SENDER  : 1629488.0
RECEIVER: 1370362.0

[SETTLED] 318699c4-c8f5-42d8-95f8-a2ad4663c13f

=== BALANCES ===
SENDER  : 1629238.0
RECEIVER: 1370612.0

[FAILED] connection to server at "localhost" (127.0.0.1), port 5432 failed: Connection refused
	Is the server running on that host and accepting TCP/IP connections?

[FAILED] connection to server at "localhost" (127.0.0.1), port 5432 failed: Connection refused
	Is the server running on that host and accepting TCP/IP connections?

[FAILED] connection to server at "localhost" (127.0.0.1), port 5432 failed: Connection refused
	Is the server running on that host and accepting TCP/IP connections?
