{
  "ledger": {
    "7597e069-65bc-4b55-b420-a2a2682f53e0": 1372362.0,
    "70e8cdae-983c-4392-a97a-4ae06217b303": 1000000.0,
    "fe881e17-8b24-42f4-ba4f-c1ce38770b51": -3999750.0,
    "8fcaf9c3-24d1-4c4b-ad88-856576b8b6e9": 1627488.0
  },
  "wallets": {
    "70e8cdae-983c-4392-a97a-4ae06217b303": 1000000.0,
    "fe881e17-8b24-42f4-ba4f-c1ce38770b51": -3999750.0,
    "7597e069-65bc-4b55-b420-a2a2682f53e0": 1248362.0,
    "8fcaf9c3-24d1-4c4b-ad88-856576b8b6e9": 1751488.0
  },
  "drift": {
    "7597e069-65bc-4b55-b420-a2a2682f53e0": {
      "ledger": 1372362.0,
      "wallet": 1248362.0,
      "delta": 124000.0
    },
    "8fcaf9c3-24d1-4c4b-ad88-856576b8b6e9": {
      "ledger": 1627488.0,
      "wallet": 1751488.0,
      "delta": -124000.0
    }
  }
}
